2025-08-01 11:47:23,915 - webhook_receiver - INFO - Starting webhook receiver server on http://localhost:9001
2025-08-01 11:47:23,915 - webhook_receiver - INFO - Starting webhook receiver server on http://localhost:9001
2025-08-01 11:47:23,917 - webhook_receiver - INFO - Configured to return 200 response code
2025-08-01 11:47:23,917 - webhook_receiver - INFO - Configured to return 200 response code
2025-08-01 11:47:23,917 - webhook_receiver - INFO - Press Ctrl+C to stop the server
2025-08-01 11:47:23,917 - webhook_receiver - INFO - Press Ctrl+C to stop the server
2025-08-01 11:48:17,546 - webhook_receiver - INFO - Received status check request
2025-08-01 11:48:17,546 - webhook_receiver - INFO - Received status check request
2025-08-01 11:48:17,546 - webhook_receiver - INFO - Request: GET /status 200 -
2025-08-01 11:48:17,546 - webhook_receiver - INFO - Request: GET /status 200 -
2025-08-01 11:48:17,547 - webhook_receiver - INFO - Sent status response: {"status": "running", "received_webhooks": 0, "uptime": 53.65448975563049}
2025-08-01 11:48:17,547 - webhook_receiver - INFO - Sent status response: {"status": "running", "received_webhooks": 0, "uptime": 53.65448975563049}
2025-08-01 11:49:34,750 - webhook_receiver - INFO - Received POST request to /webhook-receiver
2025-08-01 11:49:34,750 - webhook_receiver - INFO - Received POST request to /webhook-receiver
2025-08-01 11:49:34,793 - webhook_receiver - INFO - Headers: Host: localhost:9001
User-Agent: python-requests/2.32.3
Accept-Encoding: gzip, deflate, br
Accept: */*
Connection: keep-alive
Content-Length: 3882
Content-Type: application/json


2025-08-01 11:49:34,793 - webhook_receiver - INFO - Headers: Host: localhost:9001
User-Agent: python-requests/2.32.3
Accept-Encoding: gzip, deflate, br
Accept: */*
Connection: keep-alive
Content-Length: 3882
Content-Type: application/json


2025-08-01 11:49:34,794 - webhook_receiver - INFO - Received webhook data: {
  "reference_id": "SP826561222312211_EBI-B8231735EED347D",
  "claim": {
    "reference_id": "SP826561222312211_EBI-B8231735EED347D",
    "business_ref": "EN-202508011958-12",
    "business_name": null,
    "tax_id": null,
    "organization_crd": "157379",
    "type": null,
    "workProduct": null,
    "entity": null,
    "entityName": null,
    "name": null,
    "normalizedName": null,
    "principal": null,
    "street1": null,
    "city": null,
    "state": null,
    "zip": null,
    "status": null,
    "notes": null
  },
  "entity": {
    "firm_name": "GOLDEN GATE CAPITAL",
    "crd_number": "157379",
    "sec_number": "801-73532",
    "registration_status": "ACTIVE",
    "address": {},
    "registration_date": "3/30/2012",
    "other_names": [
      "GOLDEN GATE CAPITAL",
      "GOLDEN GATE PRIVATE EQUITY INC."
    ],
    "is_sec_registered": true,
    "is_state_registered": false,
    "is_era_registered": false,
    "is_sec_era_registered": false,
    "is_state_era_registered": false,
    "adv_filing_date": "03/28/2025",
    "has_adv_pdf": true
  },
  "search_evaluation": {
    "source": "SEC",
    "compliance": true,
    "compliance_explanation": "Search completed successfully with SEC data, individual found.",
    "basic_result": {
      "firm_name": "GOLDEN GATE CAPITAL",
      "crd_number": "157379",
      "registration_status": "ACTIVE",
      "addresses": [],
      "disclosures": [],
      "raw_data": {
        "basicInformation": {
          "firmId": 157379,
          "firmName": "GOLDEN GATE CAPITAL",
          "otherNames": [
            "GOLDEN GATE CAPITAL",
            "GOLDEN GATE PRIVATE EQUITY INC."
          ],
          "iaScope": "ACTIVE",
          "isIAFirm": "Y",
          "legacyReportStatus": "Not Requested",
          "iaSECNumber": "73532",
          "iaSECNumberType": "801"
        },
        "iaFirmAddressDetails": {
          "officeAddress": {
            "street1": "ONE EMBARCADERO CENTER",
            "street2": "39TH FLOOR",
            "city": "SAN FRANCISCO",
            "state": "CA",
            "country": "United States",
            "postalCode": "94111-3735"
          }
        },
        "iaDisclosureFlag": "N"
      },
      "sec_number": "801-73532",
      "other_names": [
        "GOLDEN GATE CAPITAL",
        "GOLDEN GATE PRIVATE EQUITY INC."
      ],
      "notice_filings": [
        {
          "jurisdiction": "California",
          "status": "Notice Filed",
          "effective_date": "3/30/2012"
        }
      ],
      "registration_date": "3/30/2012",
      "is_sec_registered": true,
      "is_state_registered": false,
      "is_era_registered": false,
      "is_sec_era_registered": false,
      "is_state_era_registered": false,
      "adv_filing_date": "03/28/2025",
      "has_adv_pdf": true,
      "accountant_exams": [],
      "brochures": [
        {
          "name": "FORM ADV PART 2A",
          "version_id": 964855,
          "date_submitted": "3/28/2025",
          "last_confirmed": null
        }
      ],
      "firm_status": "active",
      "is_finra_registered": true
    },
    "sec_search_result": {
      "org_name": "GOLDEN GATE CAPITAL",
      "org_crd": "157379",
      "firm_ia_sec_number": "73532",
      "firm_ia_full_sec_number": "801-73532",
      "firm_other_names": [
        "GOLDEN GATE CAPITAL",
        "GOLDEN GATE PRIVATE EQUITY INC."
      ],
      "firm_type": "",
      "registration_status": "",
      "firm_ia_scope": "",
      "firm_ia_disclosure_fl": "N",
      "firm_branches_count": 1
    },
    "finra_search_result": {
      "firm_name": "GOLDEN GATE CAPITAL",
      "crd_number": "157379"
    }
  },
  "status_evaluation": {
    "source": "SEC",
    "compliance": true,
    "compliance_explanation": "Firm is registered with SEC, FINRA",
    "alerts": []
  },
  "disclosure_review": {
    "source": "SEC",
    "compliance": true,
    "compliance_explanation": "No disclosures found",
    "alerts": []
  },
  "disciplinary_evaluation": {
    "source": "SEC",
    "compliance": true,
    "compliance_explanation": "No disciplinary actions found.",
    "alerts": []
  },
  "arbitration_review": {
    "source": "SEC",
    "compliance": true,
    "compliance_explanation": "No arbitration cases found.",
    "alerts": []
  },
  "adv_evaluation": {
    "compliance": true,
    "explanation": "ADV evaluation skipped due to configuration",
    "alerts": [],
    "skipped": true,
    "skip_timestamp": "2025-08-01T11:49:34.711411",
    "source": "SEC",
    "adv_status": "skipped"
  },
  "final_evaluation": {
    "source": "SEC",
    "overall_compliance": true,
    "overall_risk_level": "Low",
    "recommendations": "No immediate action required, monitor for changes.",
    "description": "All compliance checks passed",
    "alerts": []
  },
  "webhook_sent_at": "d3a1e9ad-9f7f-4944-a9ad-29c5fd2d6804",
  "webhook_attempt": 1
}
2025-08-01 11:49:34,794 - webhook_receiver - INFO - Received webhook data: {
  "reference_id": "SP826561222312211_EBI-B8231735EED347D",
  "claim": {
    "reference_id": "SP826561222312211_EBI-B8231735EED347D",
    "business_ref": "EN-202508011958-12",
    "business_name": null,
    "tax_id": null,
    "organization_crd": "157379",
    "type": null,
    "workProduct": null,
    "entity": null,
    "entityName": null,
    "name": null,
    "normalizedName": null,
    "principal": null,
    "street1": null,
    "city": null,
    "state": null,
    "zip": null,
    "status": null,
    "notes": null
  },
  "entity": {
    "firm_name": "GOLDEN GATE CAPITAL",
    "crd_number": "157379",
    "sec_number": "801-73532",
    "registration_status": "ACTIVE",
    "address": {},
    "registration_date": "3/30/2012",
    "other_names": [
      "GOLDEN GATE CAPITAL",
      "GOLDEN GATE PRIVATE EQUITY INC."
    ],
    "is_sec_registered": true,
    "is_state_registered": false,
    "is_era_registered": false,
    "is_sec_era_registered": false,
    "is_state_era_registered": false,
    "adv_filing_date": "03/28/2025",
    "has_adv_pdf": true
  },
  "search_evaluation": {
    "source": "SEC",
    "compliance": true,
    "compliance_explanation": "Search completed successfully with SEC data, individual found.",
    "basic_result": {
      "firm_name": "GOLDEN GATE CAPITAL",
      "crd_number": "157379",
      "registration_status": "ACTIVE",
      "addresses": [],
      "disclosures": [],
      "raw_data": {
        "basicInformation": {
          "firmId": 157379,
          "firmName": "GOLDEN GATE CAPITAL",
          "otherNames": [
            "GOLDEN GATE CAPITAL",
            "GOLDEN GATE PRIVATE EQUITY INC."
          ],
          "iaScope": "ACTIVE",
          "isIAFirm": "Y",
          "legacyReportStatus": "Not Requested",
          "iaSECNumber": "73532",
          "iaSECNumberType": "801"
        },
        "iaFirmAddressDetails": {
          "officeAddress": {
            "street1": "ONE EMBARCADERO CENTER",
            "street2": "39TH FLOOR",
            "city": "SAN FRANCISCO",
            "state": "CA",
            "country": "United States",
            "postalCode": "94111-3735"
          }
        },
        "iaDisclosureFlag": "N"
      },
      "sec_number": "801-73532",
      "other_names": [
        "GOLDEN GATE CAPITAL",
        "GOLDEN GATE PRIVATE EQUITY INC."
      ],
      "notice_filings": [
        {
          "jurisdiction": "California",
          "status": "Notice Filed",
          "effective_date": "3/30/2012"
        }
      ],
      "registration_date": "3/30/2012",
      "is_sec_registered": true,
      "is_state_registered": false,
      "is_era_registered": false,
      "is_sec_era_registered": false,
      "is_state_era_registered": false,
      "adv_filing_date": "03/28/2025",
      "has_adv_pdf": true,
      "accountant_exams": [],
      "brochures": [
        {
          "name": "FORM ADV PART 2A",
          "version_id": 964855,
          "date_submitted": "3/28/2025",
          "last_confirmed": null
        }
      ],
      "firm_status": "active",
      "is_finra_registered": true
    },
    "sec_search_result": {
      "org_name": "GOLDEN GATE CAPITAL",
      "org_crd": "157379",
      "firm_ia_sec_number": "73532",
      "firm_ia_full_sec_number": "801-73532",
      "firm_other_names": [
        "GOLDEN GATE CAPITAL",
        "GOLDEN GATE PRIVATE EQUITY INC."
      ],
      "firm_type": "",
      "registration_status": "",
      "firm_ia_scope": "",
      "firm_ia_disclosure_fl": "N",
      "firm_branches_count": 1
    },
    "finra_search_result": {
      "firm_name": "GOLDEN GATE CAPITAL",
      "crd_number": "157379"
    }
  },
  "status_evaluation": {
    "source": "SEC",
    "compliance": true,
    "compliance_explanation": "Firm is registered with SEC, FINRA",
    "alerts": []
  },
  "disclosure_review": {
    "source": "SEC",
    "compliance": true,
    "compliance_explanation": "No disclosures found",
    "alerts": []
  },
  "disciplinary_evaluation": {
    "source": "SEC",
    "compliance": true,
    "compliance_explanation": "No disciplinary actions found.",
    "alerts": []
  },
  "arbitration_review": {
    "source": "SEC",
    "compliance": true,
    "compliance_explanation": "No arbitration cases found.",
    "alerts": []
  },
  "adv_evaluation": {
    "compliance": true,
    "explanation": "ADV evaluation skipped due to configuration",
    "alerts": [],
    "skipped": true,
    "skip_timestamp": "2025-08-01T11:49:34.711411",
    "source": "SEC",
    "adv_status": "skipped"
  },
  "final_evaluation": {
    "source": "SEC",
    "overall_compliance": true,
    "overall_risk_level": "Low",
    "recommendations": "No immediate action required, monitor for changes.",
    "description": "All compliance checks passed",
    "alerts": []
  },
  "webhook_sent_at": "d3a1e9ad-9f7f-4944-a9ad-29c5fd2d6804",
  "webhook_attempt": 1
}
2025-08-01 11:49:34,795 - webhook_receiver - INFO - Saved webhook data to webhook_data_1.json
2025-08-01 11:49:34,795 - webhook_receiver - INFO - Saved webhook data to webhook_data_1.json
2025-08-01 11:49:34,796 - webhook_receiver - INFO - Sending 200 response
2025-08-01 11:49:34,796 - webhook_receiver - INFO - Sending 200 response
2025-08-01 11:49:34,796 - webhook_receiver - INFO - Request: POST /webhook-receiver 200 -
2025-08-01 11:49:34,796 - webhook_receiver - INFO - Request: POST /webhook-receiver 200 -
2025-08-01 11:49:34,796 - webhook_receiver - INFO - Sent error response: {"message": "Internal error!!"}
2025-08-01 11:49:34,796 - webhook_receiver - INFO - Sent error response: {"message": "Internal error!!"}
2025-08-08 11:56:09,251 - webhook_receiver - INFO - Starting webhook receiver server on http://localhost:9001
2025-08-08 11:56:09,251 - webhook_receiver - INFO - Starting webhook receiver server on http://localhost:9001
2025-08-08 11:56:09,252 - webhook_receiver - INFO - Configured to return 500 response code
2025-08-08 11:56:09,252 - webhook_receiver - INFO - Configured to return 500 response code
2025-08-08 11:56:09,252 - webhook_receiver - INFO - Press Ctrl+C to stop the server
2025-08-08 11:56:09,252 - webhook_receiver - INFO - Press Ctrl+C to stop the server
2025-08-08 11:56:16,447 - webhook_receiver - INFO - Received status check request
2025-08-08 11:56:16,447 - webhook_receiver - INFO - Received status check request
2025-08-08 11:56:16,448 - webhook_receiver - INFO - Request: GET /status 200 -
2025-08-08 11:56:16,448 - webhook_receiver - INFO - Request: GET /status 200 -
2025-08-08 11:56:16,449 - webhook_receiver - INFO - Sent status response: {"status": "running", "received_webhooks": 0, "uptime": 7.208215713500977}
2025-08-08 11:56:16,449 - webhook_receiver - INFO - Sent status response: {"status": "running", "received_webhooks": 0, "uptime": 7.208215713500977}
2025-08-08 12:15:02,597 - webhook_receiver - INFO - Received status check request
2025-08-08 12:15:02,597 - webhook_receiver - INFO - Received status check request
2025-08-08 12:15:02,598 - webhook_receiver - INFO - Request: GET /status 200 -
2025-08-08 12:15:02,598 - webhook_receiver - INFO - Request: GET /status 200 -
2025-08-08 12:15:02,598 - webhook_receiver - INFO - Sent status response: {"status": "running", "received_webhooks": 0, "uptime": 1133.3575527668}
2025-08-08 12:15:02,598 - webhook_receiver - INFO - Sent status response: {"status": "running", "received_webhooks": 0, "uptime": 1133.3575527668}
2025-08-08 12:17:27,471 - webhook_receiver - INFO - Received status check request
2025-08-08 12:17:27,471 - webhook_receiver - INFO - Received status check request
2025-08-08 12:17:27,472 - webhook_receiver - INFO - Request: GET /status 200 -
2025-08-08 12:17:27,472 - webhook_receiver - INFO - Request: GET /status 200 -
2025-08-08 12:17:27,472 - webhook_receiver - INFO - Sent status response: {"status": "running", "received_webhooks": 0, "uptime": 1278.2313947677612}
2025-08-08 12:17:27,472 - webhook_receiver - INFO - Sent status response: {"status": "running", "received_webhooks": 0, "uptime": 1278.2313947677612}
2025-08-08 12:20:33,390 - webhook_receiver - INFO - Received POST request to /webhook-receiver
2025-08-08 12:20:33,390 - webhook_receiver - INFO - Received POST request to /webhook-receiver
2025-08-08 12:20:33,397 - webhook_receiver - INFO - Headers: Host: localhost:9001
User-Agent: python-requests/2.32.3
Accept-Encoding: gzip, deflate, br
Accept: */*
Connection: keep-alive
Content-Type: application/json
X-Reference-ID: test-2025-08-08T16:19:40.498071+00:00
X-Correlation-ID: a1f5cfa8-754b-4609-82db-562b6d972dc6
Content-Length: 108


2025-08-08 12:20:33,397 - webhook_receiver - INFO - Headers: Host: localhost:9001
User-Agent: python-requests/2.32.3
Accept-Encoding: gzip, deflate, br
Accept: */*
Connection: keep-alive
Content-Type: application/json
X-Reference-ID: test-2025-08-08T16:19:40.498071+00:00
X-Correlation-ID: a1f5cfa8-754b-4609-82db-562b6d972dc6
Content-Length: 108


2025-08-08 12:20:33,397 - webhook_receiver - INFO - Received webhook data: {
  "test": true,
  "timestamp": "2025-08-08T16:19:40.498057+00:00",
  "message": "This is a test webhook payload"
}
2025-08-08 12:20:33,397 - webhook_receiver - INFO - Received webhook data: {
  "test": true,
  "timestamp": "2025-08-08T16:19:40.498057+00:00",
  "message": "This is a test webhook payload"
}
2025-08-08 12:20:33,399 - webhook_receiver - INFO - Saved webhook data to webhook_data_1.json
2025-08-08 12:20:33,399 - webhook_receiver - INFO - Saved webhook data to webhook_data_1.json
2025-08-08 12:20:33,400 - webhook_receiver - INFO - Sending 500 response
2025-08-08 12:20:33,400 - webhook_receiver - INFO - Sending 500 response
2025-08-08 12:20:33,400 - webhook_receiver - INFO - Request: POST /webhook-receiver 500 -
2025-08-08 12:20:33,400 - webhook_receiver - INFO - Request: POST /webhook-receiver 500 -
2025-08-08 12:20:33,400 - webhook_receiver - INFO - Sent error response: {"message": "Internal error!!"}
2025-08-08 12:20:33,400 - webhook_receiver - INFO - Sent error response: {"message": "Internal error!!"}
2025-08-08 12:21:32,524 - webhook_receiver - INFO - Received POST request to /webhook-receiver
2025-08-08 12:21:32,524 - webhook_receiver - INFO - Received POST request to /webhook-receiver
2025-08-08 12:21:32,525 - webhook_receiver - INFO - Headers: Host: localhost:9001
User-Agent: python-requests/2.32.3
Accept-Encoding: gzip, deflate, br
Accept: */*
Connection: keep-alive
Content-Type: application/json
X-Reference-ID: test-2025-08-08T16:19:40.498071+00:00
X-Correlation-ID: 7a3dcd9d-cc8e-41fc-9bb1-797e9f30efd8
Content-Length: 108


2025-08-08 12:21:32,525 - webhook_receiver - INFO - Headers: Host: localhost:9001
User-Agent: python-requests/2.32.3
Accept-Encoding: gzip, deflate, br
Accept: */*
Connection: keep-alive
Content-Type: application/json
X-Reference-ID: test-2025-08-08T16:19:40.498071+00:00
X-Correlation-ID: 7a3dcd9d-cc8e-41fc-9bb1-797e9f30efd8
Content-Length: 108


2025-08-08 12:21:32,525 - webhook_receiver - INFO - Received webhook data: {
  "test": true,
  "timestamp": "2025-08-08T16:19:40.498057+00:00",
  "message": "This is a test webhook payload"
}
2025-08-08 12:21:32,525 - webhook_receiver - INFO - Received webhook data: {
  "test": true,
  "timestamp": "2025-08-08T16:19:40.498057+00:00",
  "message": "This is a test webhook payload"
}
2025-08-08 12:21:32,526 - webhook_receiver - INFO - Saved webhook data to webhook_data_2.json
2025-08-08 12:21:32,526 - webhook_receiver - INFO - Saved webhook data to webhook_data_2.json
2025-08-08 12:21:32,526 - webhook_receiver - INFO - Sending 500 response
2025-08-08 12:21:32,526 - webhook_receiver - INFO - Sending 500 response
2025-08-08 12:21:32,526 - webhook_receiver - INFO - Request: POST /webhook-receiver 500 -
2025-08-08 12:21:32,526 - webhook_receiver - INFO - Request: POST /webhook-receiver 500 -
2025-08-08 12:21:32,526 - webhook_receiver - INFO - Sent error response: {"message": "Internal error!!"}
2025-08-08 12:21:32,526 - webhook_receiver - INFO - Sent error response: {"message": "Internal error!!"}
2025-08-08 12:22:50,627 - webhook_receiver - INFO - Received POST request to /webhook-receiver
2025-08-08 12:22:50,627 - webhook_receiver - INFO - Received POST request to /webhook-receiver
2025-08-08 12:22:50,628 - webhook_receiver - INFO - Headers: Host: localhost:9001
User-Agent: python-requests/2.32.3
Accept-Encoding: gzip, deflate, br
Accept: */*
Connection: keep-alive
Content-Type: application/json
X-Reference-ID: test-2025-08-08T16:19:40.498071+00:00
X-Correlation-ID: c50bd757-ca60-409c-be86-f25c041bae8d
Content-Length: 108


2025-08-08 12:22:50,628 - webhook_receiver - INFO - Headers: Host: localhost:9001
User-Agent: python-requests/2.32.3
Accept-Encoding: gzip, deflate, br
Accept: */*
Connection: keep-alive
Content-Type: application/json
X-Reference-ID: test-2025-08-08T16:19:40.498071+00:00
X-Correlation-ID: c50bd757-ca60-409c-be86-f25c041bae8d
Content-Length: 108


2025-08-08 12:22:50,628 - webhook_receiver - INFO - Received webhook data: {
  "test": true,
  "timestamp": "2025-08-08T16:19:40.498057+00:00",
  "message": "This is a test webhook payload"
}
2025-08-08 12:22:50,628 - webhook_receiver - INFO - Received webhook data: {
  "test": true,
  "timestamp": "2025-08-08T16:19:40.498057+00:00",
  "message": "This is a test webhook payload"
}
2025-08-08 12:22:50,629 - webhook_receiver - INFO - Saved webhook data to webhook_data_3.json
2025-08-08 12:22:50,629 - webhook_receiver - INFO - Saved webhook data to webhook_data_3.json
2025-08-08 12:22:50,629 - webhook_receiver - INFO - Sending 500 response
2025-08-08 12:22:50,629 - webhook_receiver - INFO - Sending 500 response
2025-08-08 12:22:50,630 - webhook_receiver - INFO - Request: POST /webhook-receiver 500 -
2025-08-08 12:22:50,630 - webhook_receiver - INFO - Request: POST /webhook-receiver 500 -
2025-08-08 12:22:50,630 - webhook_receiver - INFO - Sent error response: {"message": "Internal error!!"}
2025-08-08 12:22:50,630 - webhook_receiver - INFO - Sent error response: {"message": "Internal error!!"}
2025-08-08 12:24:01,772 - webhook_receiver - INFO - Received POST request to /webhook-receiver
2025-08-08 12:24:01,772 - webhook_receiver - INFO - Received POST request to /webhook-receiver
2025-08-08 12:24:01,773 - webhook_receiver - INFO - Headers: Host: localhost:9001
User-Agent: python-requests/2.32.3
Accept-Encoding: gzip, deflate, br
Accept: */*
Connection: keep-alive
Content-Type: application/json
X-Reference-ID: test-2025-08-08T16:24:01.756456+00:00
X-Correlation-ID: 9eaeaf55-d4ac-48fa-9fe5-69fb5e0736c1
Content-Length: 34


2025-08-08 12:24:01,773 - webhook_receiver - INFO - Headers: Host: localhost:9001
User-Agent: python-requests/2.32.3
Accept-Encoding: gzip, deflate, br
Accept: */*
Connection: keep-alive
Content-Type: application/json
X-Reference-ID: test-2025-08-08T16:24:01.756456+00:00
X-Correlation-ID: 9eaeaf55-d4ac-48fa-9fe5-69fb5e0736c1
Content-Length: 34


2025-08-08 12:24:01,774 - webhook_receiver - INFO - Received webhook data: {
  "test_payload": {
    "key": "value"
  }
}
2025-08-08 12:24:01,774 - webhook_receiver - INFO - Received webhook data: {
  "test_payload": {
    "key": "value"
  }
}
2025-08-08 12:24:01,774 - webhook_receiver - INFO - Saved webhook data to webhook_data_4.json
2025-08-08 12:24:01,774 - webhook_receiver - INFO - Saved webhook data to webhook_data_4.json
2025-08-08 12:24:01,775 - webhook_receiver - INFO - Sending 500 response
2025-08-08 12:24:01,775 - webhook_receiver - INFO - Sending 500 response
2025-08-08 12:24:01,775 - webhook_receiver - INFO - Request: POST /webhook-receiver 500 -
2025-08-08 12:24:01,775 - webhook_receiver - INFO - Request: POST /webhook-receiver 500 -
2025-08-08 12:24:01,775 - webhook_receiver - INFO - Sent error response: {"message": "Internal error!!"}
2025-08-08 12:24:01,775 - webhook_receiver - INFO - Sent error response: {"message": "Internal error!!"}
2025-08-08 12:24:38,190 - webhook_receiver - INFO - Received POST request to /webhook-receiver
2025-08-08 12:24:38,190 - webhook_receiver - INFO - Received POST request to /webhook-receiver
2025-08-08 12:24:38,191 - webhook_receiver - INFO - Headers: Host: localhost:9001
User-Agent: python-requests/2.32.3
Accept-Encoding: gzip, deflate, br
Accept: */*
Connection: keep-alive
Content-Type: application/json
X-Reference-ID: test-2025-08-08T16:24:01.756456+00:00
X-Correlation-ID: b0287708-a170-418b-8bb9-c45ab96aa854
Content-Length: 34


2025-08-08 12:24:38,191 - webhook_receiver - INFO - Headers: Host: localhost:9001
User-Agent: python-requests/2.32.3
Accept-Encoding: gzip, deflate, br
Accept: */*
Connection: keep-alive
Content-Type: application/json
X-Reference-ID: test-2025-08-08T16:24:01.756456+00:00
X-Correlation-ID: b0287708-a170-418b-8bb9-c45ab96aa854
Content-Length: 34


2025-08-08 12:24:38,191 - webhook_receiver - INFO - Received webhook data: {
  "test_payload": {
    "key": "value"
  }
}
2025-08-08 12:24:38,191 - webhook_receiver - INFO - Received webhook data: {
  "test_payload": {
    "key": "value"
  }
}
2025-08-08 12:24:38,192 - webhook_receiver - INFO - Saved webhook data to webhook_data_5.json
2025-08-08 12:24:38,192 - webhook_receiver - INFO - Saved webhook data to webhook_data_5.json
2025-08-08 12:24:38,192 - webhook_receiver - INFO - Sending 500 response
2025-08-08 12:24:38,192 - webhook_receiver - INFO - Sending 500 response
2025-08-08 12:24:38,192 - webhook_receiver - INFO - Request: POST /webhook-receiver 500 -
2025-08-08 12:24:38,192 - webhook_receiver - INFO - Request: POST /webhook-receiver 500 -
2025-08-08 12:24:38,193 - webhook_receiver - INFO - Sent error response: {"message": "Internal error!!"}
2025-08-08 12:24:38,193 - webhook_receiver - INFO - Sent error response: {"message": "Internal error!!"}
2025-08-08 12:25:09,150 - webhook_receiver - INFO - Received POST request to /webhook-receiver
2025-08-08 12:25:09,150 - webhook_receiver - INFO - Received POST request to /webhook-receiver
2025-08-08 12:25:09,152 - webhook_receiver - INFO - Headers: Host: localhost:9001
User-Agent: python-requests/2.32.3
Accept-Encoding: gzip, deflate, br
Accept: */*
Connection: keep-alive
Content-Type: application/json
X-Reference-ID: test-2025-08-08T16:19:40.498071+00:00
X-Correlation-ID: e02035f2-2456-4c6d-b621-dd8e6fb5759c
Content-Length: 108


2025-08-08 12:25:09,152 - webhook_receiver - INFO - Headers: Host: localhost:9001
User-Agent: python-requests/2.32.3
Accept-Encoding: gzip, deflate, br
Accept: */*
Connection: keep-alive
Content-Type: application/json
X-Reference-ID: test-2025-08-08T16:19:40.498071+00:00
X-Correlation-ID: e02035f2-2456-4c6d-b621-dd8e6fb5759c
Content-Length: 108


2025-08-08 12:25:09,152 - webhook_receiver - INFO - Received webhook data: {
  "test": true,
  "timestamp": "2025-08-08T16:19:40.498057+00:00",
  "message": "This is a test webhook payload"
}
2025-08-08 12:25:09,152 - webhook_receiver - INFO - Received webhook data: {
  "test": true,
  "timestamp": "2025-08-08T16:19:40.498057+00:00",
  "message": "This is a test webhook payload"
}
2025-08-08 12:25:09,154 - webhook_receiver - INFO - Saved webhook data to webhook_data_6.json
2025-08-08 12:25:09,154 - webhook_receiver - INFO - Saved webhook data to webhook_data_6.json
2025-08-08 12:25:09,154 - webhook_receiver - INFO - Sending 500 response
2025-08-08 12:25:09,154 - webhook_receiver - INFO - Sending 500 response
2025-08-08 12:25:09,154 - webhook_receiver - INFO - Request: POST /webhook-receiver 500 -
2025-08-08 12:25:09,154 - webhook_receiver - INFO - Request: POST /webhook-receiver 500 -
2025-08-08 12:25:09,155 - webhook_receiver - INFO - Sent error response: {"message": "Internal error!!"}
2025-08-08 12:25:09,155 - webhook_receiver - INFO - Sent error response: {"message": "Internal error!!"}
2025-08-08 12:26:00,483 - webhook_receiver - INFO - Received POST request to /webhook-receiver
2025-08-08 12:26:00,483 - webhook_receiver - INFO - Received POST request to /webhook-receiver
2025-08-08 12:26:00,484 - webhook_receiver - INFO - Headers: Host: localhost:9001
User-Agent: python-requests/2.32.3
Accept-Encoding: gzip, deflate, br
Accept: */*
Connection: keep-alive
Content-Type: application/json
X-Reference-ID: test-2025-08-08T16:24:01.756456+00:00
X-Correlation-ID: 5dcdb347-cb0c-4e2b-b97d-7fc988601ff8
Content-Length: 34


2025-08-08 12:26:00,484 - webhook_receiver - INFO - Headers: Host: localhost:9001
User-Agent: python-requests/2.32.3
Accept-Encoding: gzip, deflate, br
Accept: */*
Connection: keep-alive
Content-Type: application/json
X-Reference-ID: test-2025-08-08T16:24:01.756456+00:00
X-Correlation-ID: 5dcdb347-cb0c-4e2b-b97d-7fc988601ff8
Content-Length: 34


2025-08-08 12:26:00,484 - webhook_receiver - INFO - Received webhook data: {
  "test_payload": {
    "key": "value"
  }
}
2025-08-08 12:26:00,484 - webhook_receiver - INFO - Received webhook data: {
  "test_payload": {
    "key": "value"
  }
}
2025-08-08 12:26:00,484 - webhook_receiver - INFO - Saved webhook data to webhook_data_7.json
2025-08-08 12:26:00,484 - webhook_receiver - INFO - Saved webhook data to webhook_data_7.json
2025-08-08 12:26:00,484 - webhook_receiver - INFO - Sending 500 response
2025-08-08 12:26:00,484 - webhook_receiver - INFO - Sending 500 response
2025-08-08 12:26:00,485 - webhook_receiver - INFO - Request: POST /webhook-receiver 500 -
2025-08-08 12:26:00,485 - webhook_receiver - INFO - Request: POST /webhook-receiver 500 -
2025-08-08 12:26:00,486 - webhook_receiver - INFO - Sent error response: {"message": "Internal error!!"}
2025-08-08 12:26:00,486 - webhook_receiver - INFO - Sent error response: {"message": "Internal error!!"}
2025-08-08 12:38:06,281 - webhook_receiver - INFO - Starting webhook receiver server on http://localhost:9001
2025-08-08 12:38:06,281 - webhook_receiver - INFO - Starting webhook receiver server on http://localhost:9001
2025-08-08 12:38:06,282 - webhook_receiver - INFO - Configured to return 500 response code
2025-08-08 12:38:06,282 - webhook_receiver - INFO - Configured to return 500 response code
2025-08-08 12:38:06,282 - webhook_receiver - INFO - Press Ctrl+C to stop the server
2025-08-08 12:38:06,282 - webhook_receiver - INFO - Press Ctrl+C to stop the server
2025-08-08 12:39:42,563 - webhook_receiver - INFO - Received status check request
2025-08-08 12:39:42,563 - webhook_receiver - INFO - Received status check request
2025-08-08 12:39:42,564 - webhook_receiver - INFO - Request: GET /status 200 -
2025-08-08 12:39:42,564 - webhook_receiver - INFO - Request: GET /status 200 -
2025-08-08 12:39:42,564 - webhook_receiver - INFO - Sent status response: {"status": "running", "received_webhooks": 0, "uptime": 96.29622411727905}
2025-08-08 12:39:42,564 - webhook_receiver - INFO - Sent status response: {"status": "running", "received_webhooks": 0, "uptime": 96.29622411727905}
2025-08-08 12:44:57,028 - webhook_receiver - INFO - Received POST request to /webhook-receiver
2025-08-08 12:44:57,028 - webhook_receiver - INFO - Received POST request to /webhook-receiver
2025-08-08 12:44:57,036 - webhook_receiver - INFO - Headers: Host: localhost:9001
User-Agent: python-requests/2.32.3
Accept-Encoding: gzip, deflate, br
Accept: */*
Connection: keep-alive
Content-Type: application/json
X-Reference-ID: test-2025-08-08T16:44:56.852527+00:00
X-Correlation-ID: e5169603-caa9-4400-9076-44ffd55a708b
Content-Length: 34


2025-08-08 12:44:57,036 - webhook_receiver - INFO - Headers: Host: localhost:9001
User-Agent: python-requests/2.32.3
Accept-Encoding: gzip, deflate, br
Accept: */*
Connection: keep-alive
Content-Type: application/json
X-Reference-ID: test-2025-08-08T16:44:56.852527+00:00
X-Correlation-ID: e5169603-caa9-4400-9076-44ffd55a708b
Content-Length: 34


2025-08-08 12:44:57,037 - webhook_receiver - INFO - Received webhook data: {
  "test_payload": {
    "key": "value"
  }
}
2025-08-08 12:44:57,037 - webhook_receiver - INFO - Received webhook data: {
  "test_payload": {
    "key": "value"
  }
}
2025-08-08 12:44:57,037 - webhook_receiver - INFO - Saved webhook data to webhook_data_1.json
2025-08-08 12:44:57,037 - webhook_receiver - INFO - Saved webhook data to webhook_data_1.json
2025-08-08 12:44:57,038 - webhook_receiver - INFO - Sending 500 response
2025-08-08 12:44:57,038 - webhook_receiver - INFO - Sending 500 response
2025-08-08 12:44:57,038 - webhook_receiver - INFO - Request: POST /webhook-receiver 500 -
2025-08-08 12:44:57,038 - webhook_receiver - INFO - Request: POST /webhook-receiver 500 -
2025-08-08 12:44:57,038 - webhook_receiver - INFO - Sent error response: {"message": "Internal error!!"}
2025-08-08 12:44:57,038 - webhook_receiver - INFO - Sent error response: {"message": "Internal error!!"}
2025-08-08 12:45:47,841 - webhook_receiver - INFO - Received POST request to /webhook-receiver
2025-08-08 12:45:47,841 - webhook_receiver - INFO - Received POST request to /webhook-receiver
2025-08-08 12:45:47,842 - webhook_receiver - INFO - Headers: Host: localhost:9001
User-Agent: python-requests/2.32.3
Accept-Encoding: gzip, deflate, br
Accept: */*
Connection: keep-alive
Content-Type: application/json
X-Reference-ID: test-2025-08-08T16:44:56.852527+00:00
X-Correlation-ID: b2e09391-c07b-427f-9cd3-b4a6f2dfe346
Content-Length: 34


2025-08-08 12:45:47,842 - webhook_receiver - INFO - Headers: Host: localhost:9001
User-Agent: python-requests/2.32.3
Accept-Encoding: gzip, deflate, br
Accept: */*
Connection: keep-alive
Content-Type: application/json
X-Reference-ID: test-2025-08-08T16:44:56.852527+00:00
X-Correlation-ID: b2e09391-c07b-427f-9cd3-b4a6f2dfe346
Content-Length: 34


2025-08-08 12:45:47,842 - webhook_receiver - INFO - Received webhook data: {
  "test_payload": {
    "key": "value"
  }
}
2025-08-08 12:45:47,842 - webhook_receiver - INFO - Received webhook data: {
  "test_payload": {
    "key": "value"
  }
}
2025-08-08 12:45:47,846 - webhook_receiver - INFO - Saved webhook data to webhook_data_2.json
2025-08-08 12:45:47,846 - webhook_receiver - INFO - Saved webhook data to webhook_data_2.json
2025-08-08 12:45:47,846 - webhook_receiver - INFO - Sending 500 response
2025-08-08 12:45:47,846 - webhook_receiver - INFO - Sending 500 response
2025-08-08 12:45:47,846 - webhook_receiver - INFO - Request: POST /webhook-receiver 500 -
2025-08-08 12:45:47,846 - webhook_receiver - INFO - Request: POST /webhook-receiver 500 -
2025-08-08 12:45:47,847 - webhook_receiver - INFO - Sent error response: {"message": "Internal error!!"}
2025-08-08 12:45:47,847 - webhook_receiver - INFO - Sent error response: {"message": "Internal error!!"}
2025-08-08 12:47:08,247 - webhook_receiver - INFO - Received POST request to /webhook-receiver
2025-08-08 12:47:08,247 - webhook_receiver - INFO - Received POST request to /webhook-receiver
2025-08-08 12:47:08,249 - webhook_receiver - INFO - Headers: Host: localhost:9001
User-Agent: python-requests/2.32.3
Accept-Encoding: gzip, deflate, br
Accept: */*
Connection: keep-alive
Content-Type: application/json
X-Reference-ID: test-2025-08-08T16:44:56.852527+00:00
X-Correlation-ID: 02c61e67-a0b1-457c-8622-4dfaebc5a105
Content-Length: 34


2025-08-08 12:47:08,249 - webhook_receiver - INFO - Headers: Host: localhost:9001
User-Agent: python-requests/2.32.3
Accept-Encoding: gzip, deflate, br
Accept: */*
Connection: keep-alive
Content-Type: application/json
X-Reference-ID: test-2025-08-08T16:44:56.852527+00:00
X-Correlation-ID: 02c61e67-a0b1-457c-8622-4dfaebc5a105
Content-Length: 34


2025-08-08 12:47:08,249 - webhook_receiver - INFO - Received webhook data: {
  "test_payload": {
    "key": "value"
  }
}
2025-08-08 12:47:08,249 - webhook_receiver - INFO - Received webhook data: {
  "test_payload": {
    "key": "value"
  }
}
2025-08-08 12:47:08,250 - webhook_receiver - INFO - Saved webhook data to webhook_data_3.json
2025-08-08 12:47:08,250 - webhook_receiver - INFO - Saved webhook data to webhook_data_3.json
2025-08-08 12:47:08,250 - webhook_receiver - INFO - Sending 500 response
2025-08-08 12:47:08,250 - webhook_receiver - INFO - Sending 500 response
2025-08-08 12:47:08,250 - webhook_receiver - INFO - Request: POST /webhook-receiver 500 -
2025-08-08 12:47:08,250 - webhook_receiver - INFO - Request: POST /webhook-receiver 500 -
2025-08-08 12:47:08,250 - webhook_receiver - INFO - Sent error response: {"message": "Internal error!!"}
2025-08-08 12:47:08,250 - webhook_receiver - INFO - Sent error response: {"message": "Internal error!!"}
2025-08-08 12:49:20,265 - webhook_receiver - INFO - Received POST request to /webhook-receiver
2025-08-08 12:49:20,265 - webhook_receiver - INFO - Received POST request to /webhook-receiver
2025-08-08 12:49:20,267 - webhook_receiver - INFO - Headers: Host: localhost:9001
User-Agent: python-requests/2.32.3
Accept-Encoding: gzip, deflate, br
Accept: */*
Connection: keep-alive
Content-Type: application/json
X-Reference-ID: test-2025-08-08T16:44:56.852527+00:00
X-Correlation-ID: d265b359-6315-4fd4-872f-284d4b04d0f3
Content-Length: 34


2025-08-08 12:49:20,267 - webhook_receiver - INFO - Headers: Host: localhost:9001
User-Agent: python-requests/2.32.3
Accept-Encoding: gzip, deflate, br
Accept: */*
Connection: keep-alive
Content-Type: application/json
X-Reference-ID: test-2025-08-08T16:44:56.852527+00:00
X-Correlation-ID: d265b359-6315-4fd4-872f-284d4b04d0f3
Content-Length: 34


2025-08-08 12:49:20,267 - webhook_receiver - INFO - Received webhook data: {
  "test_payload": {
    "key": "value"
  }
}
2025-08-08 12:49:20,267 - webhook_receiver - INFO - Received webhook data: {
  "test_payload": {
    "key": "value"
  }
}
2025-08-08 12:49:20,269 - webhook_receiver - INFO - Saved webhook data to webhook_data_4.json
2025-08-08 12:49:20,269 - webhook_receiver - INFO - Saved webhook data to webhook_data_4.json
2025-08-08 12:49:20,270 - webhook_receiver - INFO - Sending 500 response
2025-08-08 12:49:20,270 - webhook_receiver - INFO - Sending 500 response
2025-08-08 12:49:20,270 - webhook_receiver - INFO - Request: POST /webhook-receiver 500 -
2025-08-08 12:49:20,270 - webhook_receiver - INFO - Request: POST /webhook-receiver 500 -
2025-08-08 12:49:20,270 - webhook_receiver - INFO - Sent error response: {"message": "Internal error!!"}
2025-08-08 12:49:20,270 - webhook_receiver - INFO - Sent error response: {"message": "Internal error!!"}
2025-08-08 12:54:07,800 - webhook_receiver - INFO - Received POST request to /webhook-receiver
2025-08-08 12:54:07,800 - webhook_receiver - INFO - Received POST request to /webhook-receiver
2025-08-08 12:54:07,801 - webhook_receiver - INFO - Headers: Host: localhost:9001
User-Agent: python-requests/2.32.3
Accept-Encoding: gzip, deflate, br
Accept: */*
Connection: keep-alive
Content-Type: application/json
X-Reference-ID: test-2025-08-08T16:54:07.667260+00:00
X-Correlation-ID: 5542758b-99da-462e-ba30-313bfad8cfbe
Content-Length: 34


2025-08-08 12:54:07,801 - webhook_receiver - INFO - Headers: Host: localhost:9001
User-Agent: python-requests/2.32.3
Accept-Encoding: gzip, deflate, br
Accept: */*
Connection: keep-alive
Content-Type: application/json
X-Reference-ID: test-2025-08-08T16:54:07.667260+00:00
X-Correlation-ID: 5542758b-99da-462e-ba30-313bfad8cfbe
Content-Length: 34


2025-08-08 12:54:07,801 - webhook_receiver - INFO - Received webhook data: {
  "test_payload": {
    "key": "value"
  }
}
2025-08-08 12:54:07,801 - webhook_receiver - INFO - Received webhook data: {
  "test_payload": {
    "key": "value"
  }
}
2025-08-08 12:54:07,803 - webhook_receiver - INFO - Saved webhook data to webhook_data_5.json
2025-08-08 12:54:07,803 - webhook_receiver - INFO - Saved webhook data to webhook_data_5.json
2025-08-08 12:54:07,803 - webhook_receiver - INFO - Sending 500 response
2025-08-08 12:54:07,803 - webhook_receiver - INFO - Sending 500 response
2025-08-08 12:54:07,803 - webhook_receiver - INFO - Request: POST /webhook-receiver 500 -
2025-08-08 12:54:07,803 - webhook_receiver - INFO - Request: POST /webhook-receiver 500 -
2025-08-08 12:54:07,804 - webhook_receiver - INFO - Sent error response: {"message": "Internal error!!"}
2025-08-08 12:54:07,804 - webhook_receiver - INFO - Sent error response: {"message": "Internal error!!"}
2025-08-08 12:55:06,522 - webhook_receiver - INFO - Received POST request to /webhook-receiver
2025-08-08 12:55:06,522 - webhook_receiver - INFO - Received POST request to /webhook-receiver
2025-08-08 12:55:06,523 - webhook_receiver - INFO - Headers: Host: localhost:9001
User-Agent: python-requests/2.32.3
Accept-Encoding: gzip, deflate, br
Accept: */*
Connection: keep-alive
Content-Type: application/json
X-Reference-ID: test-2025-08-08T16:54:07.667260+00:00
X-Correlation-ID: 3862a4b9-c9ff-4a30-8926-d3957ed27b55
Content-Length: 34


2025-08-08 12:55:06,523 - webhook_receiver - INFO - Headers: Host: localhost:9001
User-Agent: python-requests/2.32.3
Accept-Encoding: gzip, deflate, br
Accept: */*
Connection: keep-alive
Content-Type: application/json
X-Reference-ID: test-2025-08-08T16:54:07.667260+00:00
X-Correlation-ID: 3862a4b9-c9ff-4a30-8926-d3957ed27b55
Content-Length: 34


2025-08-08 12:55:06,524 - webhook_receiver - INFO - Received webhook data: {
  "test_payload": {
    "key": "value"
  }
}
2025-08-08 12:55:06,524 - webhook_receiver - INFO - Received webhook data: {
  "test_payload": {
    "key": "value"
  }
}
2025-08-08 12:55:06,526 - webhook_receiver - INFO - Saved webhook data to webhook_data_6.json
2025-08-08 12:55:06,526 - webhook_receiver - INFO - Saved webhook data to webhook_data_6.json
2025-08-08 12:55:06,526 - webhook_receiver - INFO - Sending 500 response
2025-08-08 12:55:06,526 - webhook_receiver - INFO - Sending 500 response
2025-08-08 12:55:06,526 - webhook_receiver - INFO - Request: POST /webhook-receiver 500 -
2025-08-08 12:55:06,526 - webhook_receiver - INFO - Request: POST /webhook-receiver 500 -
2025-08-08 12:55:06,526 - webhook_receiver - INFO - Sent error response: {"message": "Internal error!!"}
2025-08-08 12:55:06,526 - webhook_receiver - INFO - Sent error response: {"message": "Internal error!!"}
2025-08-08 12:56:13,091 - webhook_receiver - INFO - Received POST request to /webhook-receiver
2025-08-08 12:56:13,091 - webhook_receiver - INFO - Received POST request to /webhook-receiver
2025-08-08 12:56:13,092 - webhook_receiver - INFO - Headers: Host: localhost:9001
User-Agent: python-requests/2.32.3
Accept-Encoding: gzip, deflate, br
Accept: */*
Connection: keep-alive
Content-Type: application/json
X-Reference-ID: test-2025-08-08T16:54:07.667260+00:00
X-Correlation-ID: 56667cbf-5ae2-4032-b54e-abb1aaf14e89
Content-Length: 34


2025-08-08 12:56:13,092 - webhook_receiver - INFO - Headers: Host: localhost:9001
User-Agent: python-requests/2.32.3
Accept-Encoding: gzip, deflate, br
Accept: */*
Connection: keep-alive
Content-Type: application/json
X-Reference-ID: test-2025-08-08T16:54:07.667260+00:00
X-Correlation-ID: 56667cbf-5ae2-4032-b54e-abb1aaf14e89
Content-Length: 34


2025-08-08 12:56:13,092 - webhook_receiver - INFO - Received webhook data: {
  "test_payload": {
    "key": "value"
  }
}
2025-08-08 12:56:13,092 - webhook_receiver - INFO - Received webhook data: {
  "test_payload": {
    "key": "value"
  }
}
2025-08-08 12:56:13,095 - webhook_receiver - INFO - Saved webhook data to webhook_data_7.json
2025-08-08 12:56:13,095 - webhook_receiver - INFO - Saved webhook data to webhook_data_7.json
2025-08-08 12:56:13,096 - webhook_receiver - INFO - Sending 500 response
2025-08-08 12:56:13,096 - webhook_receiver - INFO - Sending 500 response
2025-08-08 12:56:13,096 - webhook_receiver - INFO - Request: POST /webhook-receiver 500 -
2025-08-08 12:56:13,096 - webhook_receiver - INFO - Request: POST /webhook-receiver 500 -
2025-08-08 12:56:13,096 - webhook_receiver - INFO - Sent error response: {"message": "Internal error!!"}
2025-08-08 12:56:13,096 - webhook_receiver - INFO - Sent error response: {"message": "Internal error!!"}
2025-08-08 12:58:14,168 - webhook_receiver - INFO - Received POST request to /webhook-receiver
2025-08-08 12:58:14,168 - webhook_receiver - INFO - Received POST request to /webhook-receiver
2025-08-08 12:58:14,169 - webhook_receiver - INFO - Headers: Host: localhost:9001
User-Agent: python-requests/2.32.3
Accept-Encoding: gzip, deflate, br
Accept: */*
Connection: keep-alive
Content-Type: application/json
X-Reference-ID: test-2025-08-08T16:54:07.667260+00:00
X-Correlation-ID: 70824144-6977-427d-83cd-92fde413bc1a
Content-Length: 34


2025-08-08 12:58:14,169 - webhook_receiver - INFO - Headers: Host: localhost:9001
User-Agent: python-requests/2.32.3
Accept-Encoding: gzip, deflate, br
Accept: */*
Connection: keep-alive
Content-Type: application/json
X-Reference-ID: test-2025-08-08T16:54:07.667260+00:00
X-Correlation-ID: 70824144-6977-427d-83cd-92fde413bc1a
Content-Length: 34


2025-08-08 12:58:14,169 - webhook_receiver - INFO - Received webhook data: {
  "test_payload": {
    "key": "value"
  }
}
2025-08-08 12:58:14,169 - webhook_receiver - INFO - Received webhook data: {
  "test_payload": {
    "key": "value"
  }
}
2025-08-08 12:58:14,170 - webhook_receiver - INFO - Saved webhook data to webhook_data_8.json
2025-08-08 12:58:14,170 - webhook_receiver - INFO - Saved webhook data to webhook_data_8.json
2025-08-08 12:58:14,170 - webhook_receiver - INFO - Sending 500 response
2025-08-08 12:58:14,170 - webhook_receiver - INFO - Sending 500 response
2025-08-08 12:58:14,170 - webhook_receiver - INFO - Request: POST /webhook-receiver 500 -
2025-08-08 12:58:14,170 - webhook_receiver - INFO - Request: POST /webhook-receiver 500 -
2025-08-08 12:58:14,170 - webhook_receiver - INFO - Sent error response: {"message": "Internal error!!"}
2025-08-08 12:58:14,170 - webhook_receiver - INFO - Sent error response: {"message": "Internal error!!"}
2025-08-08 13:26:06,470 - webhook_receiver - INFO - Received POST request to /webhook-receiver
2025-08-08 13:26:06,470 - webhook_receiver - INFO - Received POST request to /webhook-receiver
2025-08-08 13:26:06,473 - webhook_receiver - INFO - Headers: Host: localhost:9001
User-Agent: python-requests/2.32.3
Accept-Encoding: gzip, deflate, br
Accept: */*
Connection: keep-alive
Content-Type: application/json
X-Reference-ID: test-2025-08-08T16:24:01.756456+00:00
X-Correlation-ID: acbd5bc1-768c-41bb-a945-0ea53fce0fb7
Content-Length: 34


2025-08-08 13:26:06,473 - webhook_receiver - INFO - Headers: Host: localhost:9001
User-Agent: python-requests/2.32.3
Accept-Encoding: gzip, deflate, br
Accept: */*
Connection: keep-alive
Content-Type: application/json
X-Reference-ID: test-2025-08-08T16:24:01.756456+00:00
X-Correlation-ID: acbd5bc1-768c-41bb-a945-0ea53fce0fb7
Content-Length: 34


2025-08-08 13:26:06,474 - webhook_receiver - INFO - Received webhook data: {
  "test_payload": {
    "key": "value"
  }
}
2025-08-08 13:26:06,474 - webhook_receiver - INFO - Received webhook data: {
  "test_payload": {
    "key": "value"
  }
}
2025-08-08 13:26:06,476 - webhook_receiver - INFO - Saved webhook data to webhook_data_9.json
2025-08-08 13:26:06,476 - webhook_receiver - INFO - Saved webhook data to webhook_data_9.json
2025-08-08 13:26:06,476 - webhook_receiver - INFO - Sending 500 response
2025-08-08 13:26:06,476 - webhook_receiver - INFO - Sending 500 response
2025-08-08 13:26:06,477 - webhook_receiver - INFO - Request: POST /webhook-receiver 500 -
2025-08-08 13:26:06,477 - webhook_receiver - INFO - Request: POST /webhook-receiver 500 -
2025-08-08 13:26:06,477 - webhook_receiver - INFO - Sent error response: {"message": "Internal error!!"}
2025-08-08 13:26:06,477 - webhook_receiver - INFO - Sent error response: {"message": "Internal error!!"}
2025-08-08 13:28:17,850 - webhook_receiver - INFO - Received POST request to /webhook-receiver
2025-08-08 13:28:17,850 - webhook_receiver - INFO - Received POST request to /webhook-receiver
2025-08-08 13:28:17,852 - webhook_receiver - INFO - Headers: Host: localhost:9001
User-Agent: python-requests/2.32.3
Accept-Encoding: gzip, deflate, br
Accept: */*
Connection: keep-alive
Content-Type: application/json
X-Reference-ID: test-2025-08-08T17:28:17.686389+00:00
X-Correlation-ID: 5724651e-7c11-480b-bc2a-5da3f0dbe996
Content-Length: 108


2025-08-08 13:28:17,852 - webhook_receiver - INFO - Headers: Host: localhost:9001
User-Agent: python-requests/2.32.3
Accept-Encoding: gzip, deflate, br
Accept: */*
Connection: keep-alive
Content-Type: application/json
X-Reference-ID: test-2025-08-08T17:28:17.686389+00:00
X-Correlation-ID: 5724651e-7c11-480b-bc2a-5da3f0dbe996
Content-Length: 108


2025-08-08 13:28:17,852 - webhook_receiver - INFO - Received webhook data: {
  "test": true,
  "timestamp": "2025-08-08T17:28:17.686370+00:00",
  "message": "This is a test webhook payload"
}
2025-08-08 13:28:17,852 - webhook_receiver - INFO - Received webhook data: {
  "test": true,
  "timestamp": "2025-08-08T17:28:17.686370+00:00",
  "message": "This is a test webhook payload"
}
2025-08-08 13:28:17,854 - webhook_receiver - INFO - Saved webhook data to webhook_data_10.json
2025-08-08 13:28:17,854 - webhook_receiver - INFO - Saved webhook data to webhook_data_10.json
2025-08-08 13:28:17,856 - webhook_receiver - INFO - Sending 500 response
2025-08-08 13:28:17,856 - webhook_receiver - INFO - Sending 500 response
2025-08-08 13:28:17,856 - webhook_receiver - INFO - Request: POST /webhook-receiver 500 -
2025-08-08 13:28:17,856 - webhook_receiver - INFO - Request: POST /webhook-receiver 500 -
2025-08-08 13:28:17,856 - webhook_receiver - INFO - Sent error response: {"message": "Internal error!!"}
2025-08-08 13:28:17,856 - webhook_receiver - INFO - Sent error response: {"message": "Internal error!!"}
2025-08-08 13:29:09,443 - webhook_receiver - INFO - Received POST request to /webhook-receiver
2025-08-08 13:29:09,443 - webhook_receiver - INFO - Received POST request to /webhook-receiver
2025-08-08 13:29:09,444 - webhook_receiver - INFO - Headers: Host: localhost:9001
User-Agent: python-requests/2.32.3
Accept-Encoding: gzip, deflate, br
Accept: */*
Connection: keep-alive
Content-Type: application/json
X-Reference-ID: test-2025-08-08T17:28:17.686389+00:00
X-Correlation-ID: 4b8a9a7d-3657-4cc1-932a-d884220fd9b5
Content-Length: 108


2025-08-08 13:29:09,444 - webhook_receiver - INFO - Headers: Host: localhost:9001
User-Agent: python-requests/2.32.3
Accept-Encoding: gzip, deflate, br
Accept: */*
Connection: keep-alive
Content-Type: application/json
X-Reference-ID: test-2025-08-08T17:28:17.686389+00:00
X-Correlation-ID: 4b8a9a7d-3657-4cc1-932a-d884220fd9b5
Content-Length: 108


2025-08-08 13:29:09,444 - webhook_receiver - INFO - Received webhook data: {
  "test": true,
  "timestamp": "2025-08-08T17:28:17.686370+00:00",
  "message": "This is a test webhook payload"
}
2025-08-08 13:29:09,444 - webhook_receiver - INFO - Received webhook data: {
  "test": true,
  "timestamp": "2025-08-08T17:28:17.686370+00:00",
  "message": "This is a test webhook payload"
}
2025-08-08 13:29:09,444 - webhook_receiver - INFO - Saved webhook data to webhook_data_11.json
2025-08-08 13:29:09,444 - webhook_receiver - INFO - Saved webhook data to webhook_data_11.json
2025-08-08 13:29:09,444 - webhook_receiver - INFO - Sending 500 response
2025-08-08 13:29:09,444 - webhook_receiver - INFO - Sending 500 response
2025-08-08 13:29:09,444 - webhook_receiver - INFO - Request: POST /webhook-receiver 500 -
2025-08-08 13:29:09,444 - webhook_receiver - INFO - Request: POST /webhook-receiver 500 -
2025-08-08 13:29:09,445 - webhook_receiver - INFO - Sent error response: {"message": "Internal error!!"}
2025-08-08 13:29:09,445 - webhook_receiver - INFO - Sent error response: {"message": "Internal error!!"}
2025-08-08 13:30:18,004 - webhook_receiver - INFO - Received POST request to /webhook-receiver
2025-08-08 13:30:18,004 - webhook_receiver - INFO - Received POST request to /webhook-receiver
2025-08-08 13:30:18,005 - webhook_receiver - INFO - Headers: Host: localhost:9001
User-Agent: python-requests/2.32.3
Accept-Encoding: gzip, deflate, br
Accept: */*
Connection: keep-alive
Content-Type: application/json
X-Reference-ID: test-2025-08-08T17:30:17.909267+00:00
X-Correlation-ID: fdea86cc-eece-4833-b63d-8d7fa9083145
Content-Length: 108


2025-08-08 13:30:18,005 - webhook_receiver - INFO - Headers: Host: localhost:9001
User-Agent: python-requests/2.32.3
Accept-Encoding: gzip, deflate, br
Accept: */*
Connection: keep-alive
Content-Type: application/json
X-Reference-ID: test-2025-08-08T17:30:17.909267+00:00
X-Correlation-ID: fdea86cc-eece-4833-b63d-8d7fa9083145
Content-Length: 108


2025-08-08 13:30:18,005 - webhook_receiver - INFO - Received webhook data: {
  "test": true,
  "timestamp": "2025-08-08T17:30:17.909247+00:00",
  "message": "This is a test webhook payload"
}
2025-08-08 13:30:18,005 - webhook_receiver - INFO - Received webhook data: {
  "test": true,
  "timestamp": "2025-08-08T17:30:17.909247+00:00",
  "message": "This is a test webhook payload"
}
2025-08-08 13:30:18,005 - webhook_receiver - INFO - Saved webhook data to webhook_data_12.json
2025-08-08 13:30:18,005 - webhook_receiver - INFO - Saved webhook data to webhook_data_12.json
2025-08-08 13:30:18,006 - webhook_receiver - INFO - Sending 500 response
2025-08-08 13:30:18,006 - webhook_receiver - INFO - Sending 500 response
2025-08-08 13:30:18,006 - webhook_receiver - INFO - Request: POST /webhook-receiver 500 -
2025-08-08 13:30:18,006 - webhook_receiver - INFO - Request: POST /webhook-receiver 500 -
2025-08-08 13:30:18,006 - webhook_receiver - INFO - Sent error response: {"message": "Internal error!!"}
2025-08-08 13:30:18,006 - webhook_receiver - INFO - Sent error response: {"message": "Internal error!!"}
2025-08-08 13:30:21,554 - webhook_receiver - INFO - Received POST request to /webhook-receiver
2025-08-08 13:30:21,554 - webhook_receiver - INFO - Received POST request to /webhook-receiver
2025-08-08 13:30:21,559 - webhook_receiver - INFO - Headers: Host: localhost:9001
User-Agent: python-requests/2.32.3
Accept-Encoding: gzip, deflate, br
Accept: */*
Connection: keep-alive
Content-Type: application/json
X-Reference-ID: test-2025-08-08T17:28:17.686389+00:00
X-Correlation-ID: baa4aaa6-3e65-4fe7-94f1-984ff3b4a72a
Content-Length: 108


2025-08-08 13:30:21,559 - webhook_receiver - INFO - Headers: Host: localhost:9001
User-Agent: python-requests/2.32.3
Accept-Encoding: gzip, deflate, br
Accept: */*
Connection: keep-alive
Content-Type: application/json
X-Reference-ID: test-2025-08-08T17:28:17.686389+00:00
X-Correlation-ID: baa4aaa6-3e65-4fe7-94f1-984ff3b4a72a
Content-Length: 108


2025-08-08 13:30:21,559 - webhook_receiver - INFO - Received webhook data: {
  "test": true,
  "timestamp": "2025-08-08T17:28:17.686370+00:00",
  "message": "This is a test webhook payload"
}
2025-08-08 13:30:21,559 - webhook_receiver - INFO - Received webhook data: {
  "test": true,
  "timestamp": "2025-08-08T17:28:17.686370+00:00",
  "message": "This is a test webhook payload"
}
2025-08-08 13:30:21,560 - webhook_receiver - INFO - Saved webhook data to webhook_data_13.json
2025-08-08 13:30:21,560 - webhook_receiver - INFO - Saved webhook data to webhook_data_13.json
2025-08-08 13:30:21,560 - webhook_receiver - INFO - Sending 500 response
2025-08-08 13:30:21,560 - webhook_receiver - INFO - Sending 500 response
2025-08-08 13:30:21,560 - webhook_receiver - INFO - Request: POST /webhook-receiver 500 -
2025-08-08 13:30:21,560 - webhook_receiver - INFO - Request: POST /webhook-receiver 500 -
2025-08-08 13:30:21,560 - webhook_receiver - INFO - Sent error response: {"message": "Internal error!!"}
2025-08-08 13:30:21,560 - webhook_receiver - INFO - Sent error response: {"message": "Internal error!!"}
2025-08-08 13:30:53,490 - webhook_receiver - INFO - Received POST request to /webhook-receiver
2025-08-08 13:30:53,490 - webhook_receiver - INFO - Received POST request to /webhook-receiver
2025-08-08 13:30:53,492 - webhook_receiver - INFO - Headers: Host: localhost:9001
User-Agent: python-requests/2.32.3
Accept-Encoding: gzip, deflate, br
Accept: */*
Connection: keep-alive
Content-Type: application/json
X-Reference-ID: test-2025-08-08T17:30:17.909267+00:00
X-Correlation-ID: afefb7f8-ccf3-45b0-8ca1-c39d651bd5bb
Content-Length: 108


2025-08-08 13:30:53,492 - webhook_receiver - INFO - Headers: Host: localhost:9001
User-Agent: python-requests/2.32.3
Accept-Encoding: gzip, deflate, br
Accept: */*
Connection: keep-alive
Content-Type: application/json
X-Reference-ID: test-2025-08-08T17:30:17.909267+00:00
X-Correlation-ID: afefb7f8-ccf3-45b0-8ca1-c39d651bd5bb
Content-Length: 108


2025-08-08 13:30:53,492 - webhook_receiver - INFO - Received webhook data: {
  "test": true,
  "timestamp": "2025-08-08T17:30:17.909247+00:00",
  "message": "This is a test webhook payload"
}
2025-08-08 13:30:53,492 - webhook_receiver - INFO - Received webhook data: {
  "test": true,
  "timestamp": "2025-08-08T17:30:17.909247+00:00",
  "message": "This is a test webhook payload"
}
2025-08-08 13:30:53,492 - webhook_receiver - INFO - Saved webhook data to webhook_data_14.json
2025-08-08 13:30:53,492 - webhook_receiver - INFO - Saved webhook data to webhook_data_14.json
2025-08-08 13:30:53,494 - webhook_receiver - INFO - Sending 500 response
2025-08-08 13:30:53,494 - webhook_receiver - INFO - Sending 500 response
2025-08-08 13:30:53,496 - webhook_receiver - INFO - Request: POST /webhook-receiver 500 -
2025-08-08 13:30:53,496 - webhook_receiver - INFO - Request: POST /webhook-receiver 500 -
2025-08-08 13:30:53,496 - webhook_receiver - INFO - Sent error response: {"message": "Internal error!!"}
2025-08-08 13:30:53,496 - webhook_receiver - INFO - Sent error response: {"message": "Internal error!!"}
2025-08-08 13:32:01,977 - webhook_receiver - INFO - Received POST request to /webhook-receiver
2025-08-08 13:32:01,977 - webhook_receiver - INFO - Received POST request to /webhook-receiver
2025-08-08 13:32:01,977 - webhook_receiver - INFO - Headers: Host: localhost:9001
User-Agent: python-requests/2.32.3
Accept-Encoding: gzip, deflate, br
Accept: */*
Connection: keep-alive
Content-Type: application/json
X-Reference-ID: test-2025-08-08T17:30:17.909267+00:00
X-Correlation-ID: 503b31ee-7eec-46df-ae67-4587389b675d
Content-Length: 108


2025-08-08 13:32:01,977 - webhook_receiver - INFO - Headers: Host: localhost:9001
User-Agent: python-requests/2.32.3
Accept-Encoding: gzip, deflate, br
Accept: */*
Connection: keep-alive
Content-Type: application/json
X-Reference-ID: test-2025-08-08T17:30:17.909267+00:00
X-Correlation-ID: 503b31ee-7eec-46df-ae67-4587389b675d
Content-Length: 108


2025-08-08 13:32:01,977 - webhook_receiver - INFO - Received webhook data: {
  "test": true,
  "timestamp": "2025-08-08T17:30:17.909247+00:00",
  "message": "This is a test webhook payload"
}
2025-08-08 13:32:01,977 - webhook_receiver - INFO - Received webhook data: {
  "test": true,
  "timestamp": "2025-08-08T17:30:17.909247+00:00",
  "message": "This is a test webhook payload"
}
2025-08-08 13:32:01,978 - webhook_receiver - INFO - Saved webhook data to webhook_data_15.json
2025-08-08 13:32:01,978 - webhook_receiver - INFO - Saved webhook data to webhook_data_15.json
2025-08-08 13:32:01,979 - webhook_receiver - INFO - Sending 500 response
2025-08-08 13:32:01,979 - webhook_receiver - INFO - Sending 500 response
2025-08-08 13:32:01,979 - webhook_receiver - INFO - Request: POST /webhook-receiver 500 -
2025-08-08 13:32:01,979 - webhook_receiver - INFO - Request: POST /webhook-receiver 500 -
2025-08-08 13:32:01,980 - webhook_receiver - INFO - Sent error response: {"message": "Internal error!!"}
2025-08-08 13:32:01,980 - webhook_receiver - INFO - Sent error response: {"message": "Internal error!!"}
2025-08-08 13:32:25,144 - webhook_receiver - INFO - Received POST request to /webhook-receiver
2025-08-08 13:32:25,144 - webhook_receiver - INFO - Received POST request to /webhook-receiver
2025-08-08 13:32:25,144 - webhook_receiver - INFO - Headers: Host: localhost:9001
User-Agent: python-requests/2.32.3
Accept-Encoding: gzip, deflate, br
Accept: */*
Connection: keep-alive
Content-Type: application/json
X-Reference-ID: test-2025-08-08T17:32:25.050106+00:00
X-Correlation-ID: bcabd68b-64e8-4fba-a585-e5273269d1a7
Content-Length: 108


2025-08-08 13:32:25,144 - webhook_receiver - INFO - Headers: Host: localhost:9001
User-Agent: python-requests/2.32.3
Accept-Encoding: gzip, deflate, br
Accept: */*
Connection: keep-alive
Content-Type: application/json
X-Reference-ID: test-2025-08-08T17:32:25.050106+00:00
X-Correlation-ID: bcabd68b-64e8-4fba-a585-e5273269d1a7
Content-Length: 108


2025-08-08 13:32:25,145 - webhook_receiver - INFO - Received webhook data: {
  "test": true,
  "timestamp": "2025-08-08T17:32:25.050084+00:00",
  "message": "This is a test webhook payload"
}
2025-08-08 13:32:25,145 - webhook_receiver - INFO - Received webhook data: {
  "test": true,
  "timestamp": "2025-08-08T17:32:25.050084+00:00",
  "message": "This is a test webhook payload"
}
2025-08-08 13:32:25,146 - webhook_receiver - INFO - Saved webhook data to webhook_data_16.json
2025-08-08 13:32:25,146 - webhook_receiver - INFO - Saved webhook data to webhook_data_16.json
2025-08-08 13:32:25,146 - webhook_receiver - INFO - Sending 500 response
2025-08-08 13:32:25,146 - webhook_receiver - INFO - Sending 500 response
2025-08-08 13:32:25,146 - webhook_receiver - INFO - Request: POST /webhook-receiver 500 -
2025-08-08 13:32:25,146 - webhook_receiver - INFO - Request: POST /webhook-receiver 500 -
2025-08-08 13:32:25,147 - webhook_receiver - INFO - Sent error response: {"message": "Internal error!!"}
2025-08-08 13:32:25,147 - webhook_receiver - INFO - Sent error response: {"message": "Internal error!!"}
2025-08-08 13:32:34,725 - webhook_receiver - INFO - Received POST request to /webhook-receiver
2025-08-08 13:32:34,725 - webhook_receiver - INFO - Received POST request to /webhook-receiver
2025-08-08 13:32:34,727 - webhook_receiver - INFO - Headers: Host: localhost:9001
User-Agent: python-requests/2.32.3
Accept-Encoding: gzip, deflate, br
Accept: */*
Connection: keep-alive
Content-Type: application/json
X-Reference-ID: test-2025-08-08T17:28:17.686389+00:00
X-Correlation-ID: 27d732a1-003b-49c8-8ce1-a5da0235a0ea
Content-Length: 108


2025-08-08 13:32:34,727 - webhook_receiver - INFO - Headers: Host: localhost:9001
User-Agent: python-requests/2.32.3
Accept-Encoding: gzip, deflate, br
Accept: */*
Connection: keep-alive
Content-Type: application/json
X-Reference-ID: test-2025-08-08T17:28:17.686389+00:00
X-Correlation-ID: 27d732a1-003b-49c8-8ce1-a5da0235a0ea
Content-Length: 108


2025-08-08 13:32:34,727 - webhook_receiver - INFO - Received webhook data: {
  "test": true,
  "timestamp": "2025-08-08T17:28:17.686370+00:00",
  "message": "This is a test webhook payload"
}
2025-08-08 13:32:34,727 - webhook_receiver - INFO - Received webhook data: {
  "test": true,
  "timestamp": "2025-08-08T17:28:17.686370+00:00",
  "message": "This is a test webhook payload"
}
2025-08-08 13:32:34,729 - webhook_receiver - INFO - Saved webhook data to webhook_data_17.json
2025-08-08 13:32:34,729 - webhook_receiver - INFO - Saved webhook data to webhook_data_17.json
2025-08-08 13:32:34,729 - webhook_receiver - INFO - Sending 500 response
2025-08-08 13:32:34,729 - webhook_receiver - INFO - Sending 500 response
2025-08-08 13:32:34,729 - webhook_receiver - INFO - Request: POST /webhook-receiver 500 -
2025-08-08 13:32:34,729 - webhook_receiver - INFO - Request: POST /webhook-receiver 500 -
2025-08-08 13:32:34,729 - webhook_receiver - INFO - Sent error response: {"message": "Internal error!!"}
2025-08-08 13:32:34,729 - webhook_receiver - INFO - Sent error response: {"message": "Internal error!!"}
2025-08-08 13:32:55,296 - webhook_receiver - INFO - Received POST request to /webhook-receiver
2025-08-08 13:32:55,296 - webhook_receiver - INFO - Received POST request to /webhook-receiver
2025-08-08 13:32:55,298 - webhook_receiver - INFO - Headers: Host: localhost:9001
User-Agent: python-requests/2.32.3
Accept-Encoding: gzip, deflate, br
Accept: */*
Connection: keep-alive
Content-Type: application/json
X-Reference-ID: test-2025-08-08T17:32:25.050106+00:00
X-Correlation-ID: 53b784cb-6291-41af-8326-39c89ab7854d
Content-Length: 108


2025-08-08 13:32:55,298 - webhook_receiver - INFO - Headers: Host: localhost:9001
User-Agent: python-requests/2.32.3
Accept-Encoding: gzip, deflate, br
Accept: */*
Connection: keep-alive
Content-Type: application/json
X-Reference-ID: test-2025-08-08T17:32:25.050106+00:00
X-Correlation-ID: 53b784cb-6291-41af-8326-39c89ab7854d
Content-Length: 108


2025-08-08 13:32:55,299 - webhook_receiver - INFO - Received webhook data: {
  "test": true,
  "timestamp": "2025-08-08T17:32:25.050084+00:00",
  "message": "This is a test webhook payload"
}
2025-08-08 13:32:55,299 - webhook_receiver - INFO - Received webhook data: {
  "test": true,
  "timestamp": "2025-08-08T17:32:25.050084+00:00",
  "message": "This is a test webhook payload"
}
2025-08-08 13:32:55,299 - webhook_receiver - INFO - Saved webhook data to webhook_data_18.json
2025-08-08 13:32:55,299 - webhook_receiver - INFO - Saved webhook data to webhook_data_18.json
2025-08-08 13:32:55,300 - webhook_receiver - INFO - Sending 500 response
2025-08-08 13:32:55,300 - webhook_receiver - INFO - Sending 500 response
2025-08-08 13:32:55,300 - webhook_receiver - INFO - Request: POST /webhook-receiver 500 -
2025-08-08 13:32:55,300 - webhook_receiver - INFO - Request: POST /webhook-receiver 500 -
2025-08-08 13:32:55,300 - webhook_receiver - INFO - Sent error response: {"message": "Internal error!!"}
2025-08-08 13:32:55,300 - webhook_receiver - INFO - Sent error response: {"message": "Internal error!!"}
2025-08-08 13:33:39,902 - webhook_receiver - INFO - Received POST request to /webhook-receiver
2025-08-08 13:33:39,902 - webhook_receiver - INFO - Received POST request to /webhook-receiver
2025-08-08 13:33:39,903 - webhook_receiver - INFO - Headers: Host: localhost:9001
User-Agent: python-requests/2.32.3
Accept-Encoding: gzip, deflate, br
Accept: */*
Connection: keep-alive
Content-Type: application/json
X-Reference-ID: test-2025-08-08T17:33:39.847100+00:00
X-Correlation-ID: 2308f557-9ef6-4bf2-b177-d938dc28ae45
Content-Length: 108


2025-08-08 13:33:39,903 - webhook_receiver - INFO - Headers: Host: localhost:9001
User-Agent: python-requests/2.32.3
Accept-Encoding: gzip, deflate, br
Accept: */*
Connection: keep-alive
Content-Type: application/json
X-Reference-ID: test-2025-08-08T17:33:39.847100+00:00
X-Correlation-ID: 2308f557-9ef6-4bf2-b177-d938dc28ae45
Content-Length: 108


2025-08-08 13:33:39,904 - webhook_receiver - INFO - Received webhook data: {
  "test": true,
  "timestamp": "2025-08-08T17:33:39.847066+00:00",
  "message": "This is a test webhook payload"
}
2025-08-08 13:33:39,904 - webhook_receiver - INFO - Received webhook data: {
  "test": true,
  "timestamp": "2025-08-08T17:33:39.847066+00:00",
  "message": "This is a test webhook payload"
}
2025-08-08 13:33:39,905 - webhook_receiver - INFO - Saved webhook data to webhook_data_19.json
2025-08-08 13:33:39,905 - webhook_receiver - INFO - Saved webhook data to webhook_data_19.json
2025-08-08 13:33:39,905 - webhook_receiver - INFO - Sending 500 response
2025-08-08 13:33:39,905 - webhook_receiver - INFO - Sending 500 response
2025-08-08 13:33:39,905 - webhook_receiver - INFO - Request: POST /webhook-receiver 500 -
2025-08-08 13:33:39,905 - webhook_receiver - INFO - Request: POST /webhook-receiver 500 -
2025-08-08 13:33:39,906 - webhook_receiver - INFO - Sent error response: {"message": "Internal error!!"}
2025-08-08 13:33:39,906 - webhook_receiver - INFO - Sent error response: {"message": "Internal error!!"}
2025-08-08 13:34:16,155 - webhook_receiver - INFO - Received POST request to /webhook-receiver
2025-08-08 13:34:16,155 - webhook_receiver - INFO - Received POST request to /webhook-receiver
2025-08-08 13:34:16,156 - webhook_receiver - INFO - Headers: Host: localhost:9001
User-Agent: python-requests/2.32.3
Accept-Encoding: gzip, deflate, br
Accept: */*
Connection: keep-alive
Content-Type: application/json
X-Reference-ID: test-2025-08-08T17:32:25.050106+00:00
X-Correlation-ID: 490e7ecd-c53d-478b-8363-5851a4e4f03f
Content-Length: 108


2025-08-08 13:34:16,156 - webhook_receiver - INFO - Headers: Host: localhost:9001
User-Agent: python-requests/2.32.3
Accept-Encoding: gzip, deflate, br
Accept: */*
Connection: keep-alive
Content-Type: application/json
X-Reference-ID: test-2025-08-08T17:32:25.050106+00:00
X-Correlation-ID: 490e7ecd-c53d-478b-8363-5851a4e4f03f
Content-Length: 108


2025-08-08 13:34:16,157 - webhook_receiver - INFO - Received webhook data: {
  "test": true,
  "timestamp": "2025-08-08T17:32:25.050084+00:00",
  "message": "This is a test webhook payload"
}
2025-08-08 13:34:16,157 - webhook_receiver - INFO - Received webhook data: {
  "test": true,
  "timestamp": "2025-08-08T17:32:25.050084+00:00",
  "message": "This is a test webhook payload"
}
2025-08-08 13:34:16,158 - webhook_receiver - INFO - Saved webhook data to webhook_data_20.json
2025-08-08 13:34:16,158 - webhook_receiver - INFO - Saved webhook data to webhook_data_20.json
2025-08-08 13:34:16,158 - webhook_receiver - INFO - Sending 500 response
2025-08-08 13:34:16,158 - webhook_receiver - INFO - Sending 500 response
2025-08-08 13:34:16,158 - webhook_receiver - INFO - Request: POST /webhook-receiver 500 -
2025-08-08 13:34:16,158 - webhook_receiver - INFO - Request: POST /webhook-receiver 500 -
2025-08-08 13:34:16,159 - webhook_receiver - INFO - Sent error response: {"message": "Internal error!!"}
2025-08-08 13:34:16,159 - webhook_receiver - INFO - Sent error response: {"message": "Internal error!!"}
2025-08-08 13:34:22,819 - webhook_receiver - INFO - Received POST request to /webhook-receiver
2025-08-08 13:34:22,819 - webhook_receiver - INFO - Received POST request to /webhook-receiver
2025-08-08 13:34:22,820 - webhook_receiver - INFO - Headers: Host: localhost:9001
User-Agent: python-requests/2.32.3
Accept-Encoding: gzip, deflate, br
Accept: */*
Connection: keep-alive
Content-Type: application/json
X-Reference-ID: test-2025-08-08T17:33:39.847100+00:00
X-Correlation-ID: 1111c18a-3aef-4225-9820-5af3b495145c
Content-Length: 108


2025-08-08 13:34:22,820 - webhook_receiver - INFO - Headers: Host: localhost:9001
User-Agent: python-requests/2.32.3
Accept-Encoding: gzip, deflate, br
Accept: */*
Connection: keep-alive
Content-Type: application/json
X-Reference-ID: test-2025-08-08T17:33:39.847100+00:00
X-Correlation-ID: 1111c18a-3aef-4225-9820-5af3b495145c
Content-Length: 108


2025-08-08 13:34:22,820 - webhook_receiver - INFO - Received webhook data: {
  "test": true,
  "timestamp": "2025-08-08T17:33:39.847066+00:00",
  "message": "This is a test webhook payload"
}
2025-08-08 13:34:22,820 - webhook_receiver - INFO - Received webhook data: {
  "test": true,
  "timestamp": "2025-08-08T17:33:39.847066+00:00",
  "message": "This is a test webhook payload"
}
2025-08-08 13:34:22,821 - webhook_receiver - INFO - Saved webhook data to webhook_data_21.json
2025-08-08 13:34:22,821 - webhook_receiver - INFO - Saved webhook data to webhook_data_21.json
2025-08-08 13:34:22,821 - webhook_receiver - INFO - Sending 500 response
2025-08-08 13:34:22,821 - webhook_receiver - INFO - Sending 500 response
2025-08-08 13:34:22,821 - webhook_receiver - INFO - Request: POST /webhook-receiver 500 -
2025-08-08 13:34:22,821 - webhook_receiver - INFO - Request: POST /webhook-receiver 500 -
2025-08-08 13:34:22,822 - webhook_receiver - INFO - Sent error response: {"message": "Internal error!!"}
2025-08-08 13:34:22,822 - webhook_receiver - INFO - Sent error response: {"message": "Internal error!!"}
2025-08-08 13:34:25,635 - webhook_receiver - INFO - Received POST request to /webhook-receiver
2025-08-08 13:34:25,635 - webhook_receiver - INFO - Received POST request to /webhook-receiver
2025-08-08 13:34:25,635 - webhook_receiver - INFO - Headers: Host: localhost:9001
User-Agent: python-requests/2.32.3
Accept-Encoding: gzip, deflate, br
Accept: */*
Connection: keep-alive
Content-Type: application/json
X-Reference-ID: test-2025-08-08T17:30:17.909267+00:00
X-Correlation-ID: 7ab7265c-37ca-409c-98e1-8f401d1508ce
Content-Length: 108


2025-08-08 13:34:25,635 - webhook_receiver - INFO - Headers: Host: localhost:9001
User-Agent: python-requests/2.32.3
Accept-Encoding: gzip, deflate, br
Accept: */*
Connection: keep-alive
Content-Type: application/json
X-Reference-ID: test-2025-08-08T17:30:17.909267+00:00
X-Correlation-ID: 7ab7265c-37ca-409c-98e1-8f401d1508ce
Content-Length: 108


2025-08-08 13:34:25,635 - webhook_receiver - INFO - Received webhook data: {
  "test": true,
  "timestamp": "2025-08-08T17:30:17.909247+00:00",
  "message": "This is a test webhook payload"
}
2025-08-08 13:34:25,635 - webhook_receiver - INFO - Received webhook data: {
  "test": true,
  "timestamp": "2025-08-08T17:30:17.909247+00:00",
  "message": "This is a test webhook payload"
}
2025-08-08 13:34:25,636 - webhook_receiver - INFO - Saved webhook data to webhook_data_22.json
2025-08-08 13:34:25,636 - webhook_receiver - INFO - Saved webhook data to webhook_data_22.json
2025-08-08 13:34:25,637 - webhook_receiver - INFO - Sending 500 response
2025-08-08 13:34:25,637 - webhook_receiver - INFO - Sending 500 response
2025-08-08 13:34:25,637 - webhook_receiver - INFO - Request: POST /webhook-receiver 500 -
2025-08-08 13:34:25,637 - webhook_receiver - INFO - Request: POST /webhook-receiver 500 -
2025-08-08 13:34:25,637 - webhook_receiver - INFO - Sent error response: {"message": "Internal error!!"}
2025-08-08 13:34:25,637 - webhook_receiver - INFO - Sent error response: {"message": "Internal error!!"}
2025-08-08 13:35:30,325 - webhook_receiver - INFO - Received POST request to /webhook-receiver
2025-08-08 13:35:30,325 - webhook_receiver - INFO - Received POST request to /webhook-receiver
2025-08-08 13:35:30,326 - webhook_receiver - INFO - Headers: Host: localhost:9001
User-Agent: python-requests/2.32.3
Accept-Encoding: gzip, deflate, br
Accept: */*
Connection: keep-alive
Content-Type: application/json
X-Reference-ID: test-2025-08-08T17:33:39.847100+00:00
X-Correlation-ID: 4ff256f4-b042-42a5-afc1-ce3db0ee358b
Content-Length: 108


2025-08-08 13:35:30,326 - webhook_receiver - INFO - Headers: Host: localhost:9001
User-Agent: python-requests/2.32.3
Accept-Encoding: gzip, deflate, br
Accept: */*
Connection: keep-alive
Content-Type: application/json
X-Reference-ID: test-2025-08-08T17:33:39.847100+00:00
X-Correlation-ID: 4ff256f4-b042-42a5-afc1-ce3db0ee358b
Content-Length: 108


2025-08-08 13:35:30,327 - webhook_receiver - INFO - Received webhook data: {
  "test": true,
  "timestamp": "2025-08-08T17:33:39.847066+00:00",
  "message": "This is a test webhook payload"
}
2025-08-08 13:35:30,327 - webhook_receiver - INFO - Received webhook data: {
  "test": true,
  "timestamp": "2025-08-08T17:33:39.847066+00:00",
  "message": "This is a test webhook payload"
}
2025-08-08 13:35:30,327 - webhook_receiver - INFO - Saved webhook data to webhook_data_23.json
2025-08-08 13:35:30,327 - webhook_receiver - INFO - Saved webhook data to webhook_data_23.json
2025-08-08 13:35:30,328 - webhook_receiver - INFO - Sending 500 response
2025-08-08 13:35:30,328 - webhook_receiver - INFO - Sending 500 response
2025-08-08 13:35:30,328 - webhook_receiver - INFO - Request: POST /webhook-receiver 500 -
2025-08-08 13:35:30,328 - webhook_receiver - INFO - Request: POST /webhook-receiver 500 -
2025-08-08 13:35:30,329 - webhook_receiver - INFO - Sent error response: {"message": "Internal error!!"}
2025-08-08 13:35:30,329 - webhook_receiver - INFO - Sent error response: {"message": "Internal error!!"}
2025-08-08 13:36:17,749 - webhook_receiver - INFO - Received POST request to /webhook-receiver
2025-08-08 13:36:17,749 - webhook_receiver - INFO - Received POST request to /webhook-receiver
2025-08-08 13:36:17,751 - webhook_receiver - INFO - Headers: Host: localhost:9001
User-Agent: python-requests/2.32.3
Accept-Encoding: gzip, deflate, br
Accept: */*
Connection: keep-alive
Content-Type: application/json
X-Reference-ID: test-2025-08-08T17:32:25.050106+00:00
X-Correlation-ID: dd8d5011-e7ab-4dec-be79-010001e427da
Content-Length: 108


2025-08-08 13:36:17,751 - webhook_receiver - INFO - Headers: Host: localhost:9001
User-Agent: python-requests/2.32.3
Accept-Encoding: gzip, deflate, br
Accept: */*
Connection: keep-alive
Content-Type: application/json
X-Reference-ID: test-2025-08-08T17:32:25.050106+00:00
X-Correlation-ID: dd8d5011-e7ab-4dec-be79-010001e427da
Content-Length: 108


2025-08-08 13:36:17,751 - webhook_receiver - INFO - Received webhook data: {
  "test": true,
  "timestamp": "2025-08-08T17:32:25.050084+00:00",
  "message": "This is a test webhook payload"
}
2025-08-08 13:36:17,751 - webhook_receiver - INFO - Received webhook data: {
  "test": true,
  "timestamp": "2025-08-08T17:32:25.050084+00:00",
  "message": "This is a test webhook payload"
}
2025-08-08 13:36:17,751 - webhook_receiver - INFO - Saved webhook data to webhook_data_24.json
2025-08-08 13:36:17,751 - webhook_receiver - INFO - Saved webhook data to webhook_data_24.json
2025-08-08 13:36:17,752 - webhook_receiver - INFO - Sending 500 response
2025-08-08 13:36:17,752 - webhook_receiver - INFO - Sending 500 response
2025-08-08 13:36:17,752 - webhook_receiver - INFO - Request: POST /webhook-receiver 500 -
2025-08-08 13:36:17,752 - webhook_receiver - INFO - Request: POST /webhook-receiver 500 -
2025-08-08 13:36:17,752 - webhook_receiver - INFO - Sent error response: {"message": "Internal error!!"}
2025-08-08 13:36:17,752 - webhook_receiver - INFO - Sent error response: {"message": "Internal error!!"}
2025-08-08 13:37:43,327 - webhook_receiver - INFO - Received POST request to /webhook-receiver
2025-08-08 13:37:43,327 - webhook_receiver - INFO - Received POST request to /webhook-receiver
2025-08-08 13:37:43,332 - webhook_receiver - INFO - Headers: Host: localhost:9001
User-Agent: python-requests/2.32.3
Accept-Encoding: gzip, deflate, br
Accept: */*
Connection: keep-alive
Content-Type: application/json
X-Reference-ID: test-2025-08-08T17:33:39.847100+00:00
X-Correlation-ID: 7c1c1d36-ba1c-462f-b8ef-6fad52f5a24f
Content-Length: 108


2025-08-08 13:37:43,332 - webhook_receiver - INFO - Headers: Host: localhost:9001
User-Agent: python-requests/2.32.3
Accept-Encoding: gzip, deflate, br
Accept: */*
Connection: keep-alive
Content-Type: application/json
X-Reference-ID: test-2025-08-08T17:33:39.847100+00:00
X-Correlation-ID: 7c1c1d36-ba1c-462f-b8ef-6fad52f5a24f
Content-Length: 108


2025-08-08 13:37:43,332 - webhook_receiver - INFO - Received webhook data: {
  "test": true,
  "timestamp": "2025-08-08T17:33:39.847066+00:00",
  "message": "This is a test webhook payload"
}
2025-08-08 13:37:43,332 - webhook_receiver - INFO - Received webhook data: {
  "test": true,
  "timestamp": "2025-08-08T17:33:39.847066+00:00",
  "message": "This is a test webhook payload"
}
2025-08-08 13:37:43,333 - webhook_receiver - INFO - Saved webhook data to webhook_data_25.json
2025-08-08 13:37:43,333 - webhook_receiver - INFO - Saved webhook data to webhook_data_25.json
2025-08-08 13:37:43,333 - webhook_receiver - INFO - Sending 500 response
2025-08-08 13:37:43,333 - webhook_receiver - INFO - Sending 500 response
2025-08-08 13:37:43,334 - webhook_receiver - INFO - Request: POST /webhook-receiver 500 -
2025-08-08 13:37:43,334 - webhook_receiver - INFO - Request: POST /webhook-receiver 500 -
2025-08-08 13:37:43,334 - webhook_receiver - INFO - Sent error response: {"message": "Internal error!!"}
2025-08-08 13:37:43,334 - webhook_receiver - INFO - Sent error response: {"message": "Internal error!!"}
2025-08-08 13:43:08,280 - webhook_receiver - INFO - Received POST request to /webhook
2025-08-08 13:43:08,280 - webhook_receiver - INFO - Received POST request to /webhook
2025-08-08 13:43:08,282 - webhook_receiver - INFO - Headers: Host: localhost:9001
User-Agent: python-requests/2.32.3
Accept-Encoding: gzip, deflate, br
Accept: */*
Connection: keep-alive
Content-Type: application/json
X-Reference-ID: test-2025-08-08T17:43:08.244869+00:00
X-Correlation-ID: 79ebd40a-fdf3-4ba4-9b79-a987cd407087
Content-Length: 108


2025-08-08 13:43:08,282 - webhook_receiver - INFO - Headers: Host: localhost:9001
User-Agent: python-requests/2.32.3
Accept-Encoding: gzip, deflate, br
Accept: */*
Connection: keep-alive
Content-Type: application/json
X-Reference-ID: test-2025-08-08T17:43:08.244869+00:00
X-Correlation-ID: 79ebd40a-fdf3-4ba4-9b79-a987cd407087
Content-Length: 108


2025-08-08 13:43:08,282 - webhook_receiver - INFO - Received webhook data: {
  "test": true,
  "timestamp": "2025-08-08T17:43:08.244848+00:00",
  "message": "This is a test webhook payload"
}
2025-08-08 13:43:08,282 - webhook_receiver - INFO - Received webhook data: {
  "test": true,
  "timestamp": "2025-08-08T17:43:08.244848+00:00",
  "message": "This is a test webhook payload"
}
2025-08-08 13:43:08,285 - webhook_receiver - INFO - Saved webhook data to webhook_data_26.json
2025-08-08 13:43:08,285 - webhook_receiver - INFO - Saved webhook data to webhook_data_26.json
2025-08-08 13:43:08,285 - webhook_receiver - INFO - Sending 500 response
2025-08-08 13:43:08,285 - webhook_receiver - INFO - Sending 500 response
2025-08-08 13:43:08,285 - webhook_receiver - INFO - Request: POST /webhook 500 -
2025-08-08 13:43:08,285 - webhook_receiver - INFO - Request: POST /webhook 500 -
2025-08-08 13:43:08,286 - webhook_receiver - INFO - Sent error response: {"message": "Internal error!!"}
2025-08-08 13:43:08,286 - webhook_receiver - INFO - Sent error response: {"message": "Internal error!!"}
2025-08-08 13:44:04,635 - webhook_receiver - INFO - Received POST request to /webhook
2025-08-08 13:44:04,635 - webhook_receiver - INFO - Received POST request to /webhook
2025-08-08 13:44:04,638 - webhook_receiver - INFO - Headers: Host: localhost:9001
User-Agent: python-requests/2.32.3
Accept-Encoding: gzip, deflate, br
Accept: */*
Connection: keep-alive
Content-Type: application/json
X-Reference-ID: test-2025-08-08T17:43:08.244869+00:00
X-Correlation-ID: 20b379aa-6fe3-4529-b4f8-cdadf8730549
Content-Length: 108


2025-08-08 13:44:04,638 - webhook_receiver - INFO - Headers: Host: localhost:9001
User-Agent: python-requests/2.32.3
Accept-Encoding: gzip, deflate, br
Accept: */*
Connection: keep-alive
Content-Type: application/json
X-Reference-ID: test-2025-08-08T17:43:08.244869+00:00
X-Correlation-ID: 20b379aa-6fe3-4529-b4f8-cdadf8730549
Content-Length: 108


2025-08-08 13:44:04,638 - webhook_receiver - INFO - Received webhook data: {
  "test": true,
  "timestamp": "2025-08-08T17:43:08.244848+00:00",
  "message": "This is a test webhook payload"
}
2025-08-08 13:44:04,638 - webhook_receiver - INFO - Received webhook data: {
  "test": true,
  "timestamp": "2025-08-08T17:43:08.244848+00:00",
  "message": "This is a test webhook payload"
}
2025-08-08 13:44:04,642 - webhook_receiver - INFO - Saved webhook data to webhook_data_27.json
2025-08-08 13:44:04,642 - webhook_receiver - INFO - Saved webhook data to webhook_data_27.json
2025-08-08 13:44:04,642 - webhook_receiver - INFO - Sending 500 response
2025-08-08 13:44:04,642 - webhook_receiver - INFO - Sending 500 response
2025-08-08 13:44:04,642 - webhook_receiver - INFO - Request: POST /webhook 500 -
2025-08-08 13:44:04,642 - webhook_receiver - INFO - Request: POST /webhook 500 -
2025-08-08 13:44:04,643 - webhook_receiver - INFO - Sent error response: {"message": "Internal error!!"}
2025-08-08 13:44:04,643 - webhook_receiver - INFO - Sent error response: {"message": "Internal error!!"}
2025-08-08 13:45:33,694 - webhook_receiver - INFO - Received POST request to /webhook
2025-08-08 13:45:33,694 - webhook_receiver - INFO - Received POST request to /webhook
2025-08-08 13:45:33,697 - webhook_receiver - INFO - Headers: Host: localhost:9001
User-Agent: python-requests/2.32.3
Accept-Encoding: gzip, deflate, br
Accept: */*
Connection: keep-alive
Content-Type: application/json
X-Reference-ID: test-2025-08-08T17:43:08.244869+00:00
X-Correlation-ID: 599be785-e967-4f7a-bd0f-667b20d49470
Content-Length: 108


2025-08-08 13:45:33,697 - webhook_receiver - INFO - Headers: Host: localhost:9001
User-Agent: python-requests/2.32.3
Accept-Encoding: gzip, deflate, br
Accept: */*
Connection: keep-alive
Content-Type: application/json
X-Reference-ID: test-2025-08-08T17:43:08.244869+00:00
X-Correlation-ID: 599be785-e967-4f7a-bd0f-667b20d49470
Content-Length: 108


2025-08-08 13:45:33,697 - webhook_receiver - INFO - Received webhook data: {
  "test": true,
  "timestamp": "2025-08-08T17:43:08.244848+00:00",
  "message": "This is a test webhook payload"
}
2025-08-08 13:45:33,697 - webhook_receiver - INFO - Received webhook data: {
  "test": true,
  "timestamp": "2025-08-08T17:43:08.244848+00:00",
  "message": "This is a test webhook payload"
}
2025-08-08 13:45:33,701 - webhook_receiver - INFO - Saved webhook data to webhook_data_28.json
2025-08-08 13:45:33,701 - webhook_receiver - INFO - Saved webhook data to webhook_data_28.json
2025-08-08 13:45:33,701 - webhook_receiver - INFO - Sending 500 response
2025-08-08 13:45:33,701 - webhook_receiver - INFO - Sending 500 response
2025-08-08 13:45:33,702 - webhook_receiver - INFO - Request: POST /webhook 500 -
2025-08-08 13:45:33,702 - webhook_receiver - INFO - Request: POST /webhook 500 -
2025-08-08 13:45:33,702 - webhook_receiver - INFO - Sent error response: {"message": "Internal error!!"}
2025-08-08 13:45:33,702 - webhook_receiver - INFO - Sent error response: {"message": "Internal error!!"}
2025-08-08 13:47:55,732 - webhook_receiver - INFO - Received POST request to /webhook
2025-08-08 13:47:55,732 - webhook_receiver - INFO - Received POST request to /webhook
2025-08-08 13:47:55,736 - webhook_receiver - INFO - Headers: Host: localhost:9001
User-Agent: python-requests/2.32.3
Accept-Encoding: gzip, deflate, br
Accept: */*
Connection: keep-alive
Content-Type: application/json
X-Reference-ID: test-2025-08-08T17:43:08.244869+00:00
X-Correlation-ID: 85a6a775-e4a8-4f95-933e-d78684f885a0
Content-Length: 108


2025-08-08 13:47:55,736 - webhook_receiver - INFO - Headers: Host: localhost:9001
User-Agent: python-requests/2.32.3
Accept-Encoding: gzip, deflate, br
Accept: */*
Connection: keep-alive
Content-Type: application/json
X-Reference-ID: test-2025-08-08T17:43:08.244869+00:00
X-Correlation-ID: 85a6a775-e4a8-4f95-933e-d78684f885a0
Content-Length: 108


2025-08-08 13:47:55,736 - webhook_receiver - INFO - Received webhook data: {
  "test": true,
  "timestamp": "2025-08-08T17:43:08.244848+00:00",
  "message": "This is a test webhook payload"
}
2025-08-08 13:47:55,736 - webhook_receiver - INFO - Received webhook data: {
  "test": true,
  "timestamp": "2025-08-08T17:43:08.244848+00:00",
  "message": "This is a test webhook payload"
}
2025-08-08 13:47:55,739 - webhook_receiver - INFO - Saved webhook data to webhook_data_29.json
2025-08-08 13:47:55,739 - webhook_receiver - INFO - Saved webhook data to webhook_data_29.json
2025-08-08 13:47:55,739 - webhook_receiver - INFO - Sending 500 response
2025-08-08 13:47:55,739 - webhook_receiver - INFO - Sending 500 response
2025-08-08 13:47:55,739 - webhook_receiver - INFO - Request: POST /webhook 500 -
2025-08-08 13:47:55,739 - webhook_receiver - INFO - Request: POST /webhook 500 -
2025-08-08 13:47:55,739 - webhook_receiver - INFO - Sent error response: {"message": "Internal error!!"}
2025-08-08 13:47:55,739 - webhook_receiver - INFO - Sent error response: {"message": "Internal error!!"}
2025-08-08 13:51:08,610 - webhook_receiver - INFO - Received POST request to /webhook
2025-08-08 13:51:08,610 - webhook_receiver - INFO - Received POST request to /webhook
2025-08-08 13:51:08,612 - webhook_receiver - INFO - Headers: Host: localhost:9001
User-Agent: python-requests/2.32.3
Accept-Encoding: gzip, deflate, br
Accept: */*
Connection: keep-alive
Content-Type: application/json
X-Reference-ID: test-2025-08-08T17:51:08.396742+00:00
X-Correlation-ID: 04df2268-116f-4a24-9bc2-c2ab4f924b7c
Content-Length: 108


2025-08-08 13:51:08,612 - webhook_receiver - INFO - Headers: Host: localhost:9001
User-Agent: python-requests/2.32.3
Accept-Encoding: gzip, deflate, br
Accept: */*
Connection: keep-alive
Content-Type: application/json
X-Reference-ID: test-2025-08-08T17:51:08.396742+00:00
X-Correlation-ID: 04df2268-116f-4a24-9bc2-c2ab4f924b7c
Content-Length: 108


2025-08-08 13:51:08,612 - webhook_receiver - INFO - Received webhook data: {
  "test": true,
  "timestamp": "2025-08-08T17:51:08.396700+00:00",
  "message": "This is a test webhook payload"
}
2025-08-08 13:51:08,612 - webhook_receiver - INFO - Received webhook data: {
  "test": true,
  "timestamp": "2025-08-08T17:51:08.396700+00:00",
  "message": "This is a test webhook payload"
}
2025-08-08 13:51:08,613 - webhook_receiver - INFO - Saved webhook data to webhook_data_30.json
2025-08-08 13:51:08,613 - webhook_receiver - INFO - Saved webhook data to webhook_data_30.json
2025-08-08 13:51:08,613 - webhook_receiver - INFO - Sending 500 response
2025-08-08 13:51:08,613 - webhook_receiver - INFO - Sending 500 response
2025-08-08 13:51:08,613 - webhook_receiver - INFO - Request: POST /webhook 500 -
2025-08-08 13:51:08,613 - webhook_receiver - INFO - Request: POST /webhook 500 -
2025-08-08 13:51:08,614 - webhook_receiver - INFO - Sent error response: {"message": "Internal error!!"}
2025-08-08 13:51:08,614 - webhook_receiver - INFO - Sent error response: {"message": "Internal error!!"}
2025-08-08 13:51:50,356 - webhook_receiver - INFO - Received POST request to /webhook
2025-08-08 13:51:50,356 - webhook_receiver - INFO - Received POST request to /webhook
2025-08-08 13:51:50,360 - webhook_receiver - INFO - Headers: Host: localhost:9001
User-Agent: python-requests/2.32.3
Accept-Encoding: gzip, deflate, br
Accept: */*
Connection: keep-alive
Content-Type: application/json
X-Reference-ID: test-2025-08-08T17:51:08.396742+00:00
X-Correlation-ID: f58c8ec5-321e-4108-b4e7-9acd063e6c13
Content-Length: 108


2025-08-08 13:51:50,360 - webhook_receiver - INFO - Headers: Host: localhost:9001
User-Agent: python-requests/2.32.3
Accept-Encoding: gzip, deflate, br
Accept: */*
Connection: keep-alive
Content-Type: application/json
X-Reference-ID: test-2025-08-08T17:51:08.396742+00:00
X-Correlation-ID: f58c8ec5-321e-4108-b4e7-9acd063e6c13
Content-Length: 108


2025-08-08 13:51:50,360 - webhook_receiver - INFO - Received webhook data: {
  "test": true,
  "timestamp": "2025-08-08T17:51:08.396700+00:00",
  "message": "This is a test webhook payload"
}
2025-08-08 13:51:50,360 - webhook_receiver - INFO - Received webhook data: {
  "test": true,
  "timestamp": "2025-08-08T17:51:08.396700+00:00",
  "message": "This is a test webhook payload"
}
2025-08-08 13:51:50,409 - webhook_receiver - INFO - Saved webhook data to webhook_data_31.json
2025-08-08 13:51:50,409 - webhook_receiver - INFO - Saved webhook data to webhook_data_31.json
2025-08-08 13:51:50,409 - webhook_receiver - INFO - Sending 500 response
2025-08-08 13:51:50,409 - webhook_receiver - INFO - Sending 500 response
2025-08-08 13:51:50,409 - webhook_receiver - INFO - Request: POST /webhook 500 -
2025-08-08 13:51:50,409 - webhook_receiver - INFO - Request: POST /webhook 500 -
2025-08-08 13:51:50,409 - webhook_receiver - INFO - Sent error response: {"message": "Internal error!!"}
2025-08-08 13:51:50,409 - webhook_receiver - INFO - Sent error response: {"message": "Internal error!!"}
2025-08-08 13:52:53,438 - webhook_receiver - INFO - Received POST request to /webhook
2025-08-08 13:52:53,438 - webhook_receiver - INFO - Received POST request to /webhook
2025-08-08 13:52:53,439 - webhook_receiver - INFO - Headers: Host: localhost:9001
User-Agent: python-requests/2.32.3
Accept-Encoding: gzip, deflate, br
Accept: */*
Connection: keep-alive
Content-Type: application/json
X-Reference-ID: test-2025-08-08T17:51:08.396742+00:00
X-Correlation-ID: 1b1b8bc7-5b26-4714-8310-a9764d9f7786
Content-Length: 108


2025-08-08 13:52:53,439 - webhook_receiver - INFO - Headers: Host: localhost:9001
User-Agent: python-requests/2.32.3
Accept-Encoding: gzip, deflate, br
Accept: */*
Connection: keep-alive
Content-Type: application/json
X-Reference-ID: test-2025-08-08T17:51:08.396742+00:00
X-Correlation-ID: 1b1b8bc7-5b26-4714-8310-a9764d9f7786
Content-Length: 108


2025-08-08 13:52:53,439 - webhook_receiver - INFO - Received webhook data: {
  "test": true,
  "timestamp": "2025-08-08T17:51:08.396700+00:00",
  "message": "This is a test webhook payload"
}
2025-08-08 13:52:53,439 - webhook_receiver - INFO - Received webhook data: {
  "test": true,
  "timestamp": "2025-08-08T17:51:08.396700+00:00",
  "message": "This is a test webhook payload"
}
2025-08-08 13:52:53,439 - webhook_receiver - INFO - Saved webhook data to webhook_data_32.json
2025-08-08 13:52:53,439 - webhook_receiver - INFO - Saved webhook data to webhook_data_32.json
2025-08-08 13:52:53,439 - webhook_receiver - INFO - Sending 500 response
2025-08-08 13:52:53,439 - webhook_receiver - INFO - Sending 500 response
2025-08-08 13:52:53,440 - webhook_receiver - INFO - Request: POST /webhook 500 -
2025-08-08 13:52:53,440 - webhook_receiver - INFO - Request: POST /webhook 500 -
2025-08-08 13:52:53,440 - webhook_receiver - INFO - Sent error response: {"message": "Internal error!!"}
2025-08-08 13:52:53,440 - webhook_receiver - INFO - Sent error response: {"message": "Internal error!!"}
2025-08-08 13:55:19,208 - webhook_receiver - INFO - Received POST request to /webhook
2025-08-08 13:55:19,208 - webhook_receiver - INFO - Received POST request to /webhook
2025-08-08 13:55:19,209 - webhook_receiver - INFO - Headers: Host: localhost:9001
User-Agent: python-requests/2.32.3
Accept-Encoding: gzip, deflate, br
Accept: */*
Connection: keep-alive
Content-Type: application/json
X-Reference-ID: test-2025-08-08T17:51:08.396742+00:00
X-Correlation-ID: 1635c772-2b10-4494-bd8e-38ab280f7508
Content-Length: 108


2025-08-08 13:55:19,209 - webhook_receiver - INFO - Headers: Host: localhost:9001
User-Agent: python-requests/2.32.3
Accept-Encoding: gzip, deflate, br
Accept: */*
Connection: keep-alive
Content-Type: application/json
X-Reference-ID: test-2025-08-08T17:51:08.396742+00:00
X-Correlation-ID: 1635c772-2b10-4494-bd8e-38ab280f7508
Content-Length: 108


2025-08-08 13:55:19,209 - webhook_receiver - INFO - Received webhook data: {
  "test": true,
  "timestamp": "2025-08-08T17:51:08.396700+00:00",
  "message": "This is a test webhook payload"
}
2025-08-08 13:55:19,209 - webhook_receiver - INFO - Received webhook data: {
  "test": true,
  "timestamp": "2025-08-08T17:51:08.396700+00:00",
  "message": "This is a test webhook payload"
}
2025-08-08 13:55:19,209 - webhook_receiver - INFO - Saved webhook data to webhook_data_33.json
2025-08-08 13:55:19,209 - webhook_receiver - INFO - Saved webhook data to webhook_data_33.json
2025-08-08 13:55:19,209 - webhook_receiver - INFO - Sending 500 response
2025-08-08 13:55:19,209 - webhook_receiver - INFO - Sending 500 response
2025-08-08 13:55:19,209 - webhook_receiver - INFO - Request: POST /webhook 500 -
2025-08-08 13:55:19,209 - webhook_receiver - INFO - Request: POST /webhook 500 -
2025-08-08 13:55:19,210 - webhook_receiver - INFO - Sent error response: {"message": "Internal error!!"}
2025-08-08 13:55:19,210 - webhook_receiver - INFO - Sent error response: {"message": "Internal error!!"}
